mode: set
github.com/mdemidenko/monitoring-platform/internal/core/errors.go:11.36,13.2 1 1
github.com/mdemidenko/monitoring-platform/internal/core/errors.go:15.36,17.2 1 1
github.com/mdemidenko/monitoring-platform/internal/core/errors.go:20.79,25.2 1 1
github.com/mdemidenko/monitoring-platform/internal/core/errors.go:28.40,29.55 1 1
github.com/mdemidenko/monitoring-platform/internal/core/errors.go:29.55,31.6 1 1
github.com/mdemidenko/monitoring-platform/internal/core/errors.go:32.5,32.44 1 1
github.com/mdemidenko/monitoring-platform/internal/core/errors.go:32.44,34.6 1 1
github.com/mdemidenko/monitoring-platform/internal/core/errors.go:35.5,35.17 1 1
github.com/mdemidenko/monitoring-platform/internal/core/errors.go:39.45,40.55 1 1
github.com/mdemidenko/monitoring-platform/internal/core/errors.go:40.55,42.6 1 1
github.com/mdemidenko/monitoring-platform/internal/core/errors.go:43.5,43.44 1 1
github.com/mdemidenko/monitoring-platform/internal/core/errors.go:43.44,45.6 1 1
github.com/mdemidenko/monitoring-platform/internal/core/errors.go:46.5,46.17 1 1
github.com/mdemidenko/monitoring-platform/internal/core/service.go:25.24,26.22 1 1
github.com/mdemidenko/monitoring-platform/internal/core/service.go:26.22,28.6 1 1
github.com/mdemidenko/monitoring-platform/internal/core/service.go:30.5,34.6 1 1
github.com/mdemidenko/monitoring-platform/internal/core/service.go:39.124,41.19 1 1
github.com/mdemidenko/monitoring-platform/internal/core/service.go:41.19,43.6 1 1
github.com/mdemidenko/monitoring-platform/internal/core/service.go:45.5,45.21 1 1
github.com/mdemidenko/monitoring-platform/internal/core/service.go:45.21,47.6 1 1
github.com/mdemidenko/monitoring-platform/internal/core/service.go:50.5,53.54 2 1
github.com/mdemidenko/monitoring-platform/internal/core/service.go:53.54,55.6 1 1
github.com/mdemidenko/monitoring-platform/internal/core/service.go:57.5,61.19 3 1
github.com/mdemidenko/monitoring-platform/internal/core/service.go:61.19,63.6 1 1
github.com/mdemidenko/monitoring-platform/internal/core/service.go:66.5,66.32 1 1
github.com/mdemidenko/monitoring-platform/internal/core/service.go:66.32,67.62 1 1
github.com/mdemidenko/monitoring-platform/internal/core/service.go:67.62,70.10 1 1
github.com/mdemidenko/monitoring-platform/internal/core/service.go:73.5,75.33 2 1
github.com/mdemidenko/monitoring-platform/internal/core/service.go:80.92,82.37 1 1
github.com/mdemidenko/monitoring-platform/internal/core/service.go:82.37,84.6 1 1
github.com/mdemidenko/monitoring-platform/internal/core/service.go:87.5,87.48 1 1
github.com/mdemidenko/monitoring-platform/internal/core/service.go:87.48,89.6 1 1
github.com/mdemidenko/monitoring-platform/internal/core/service.go:92.5,92.31 1 1
github.com/mdemidenko/monitoring-platform/internal/core/service.go:93.31,96.23 2 1
github.com/mdemidenko/monitoring-platform/internal/core/service.go:96.23,98.10 1 1
github.com/mdemidenko/monitoring-platform/internal/core/service.go:101.9,101.29 1 1
github.com/mdemidenko/monitoring-platform/internal/core/service.go:101.29,102.59 1 1
github.com/mdemidenko/monitoring-platform/internal/core/service.go:102.59,104.14 1 1
github.com/mdemidenko/monitoring-platform/internal/core/service.go:107.35,109.100 1 1
github.com/mdemidenko/monitoring-platform/internal/core/service.go:111.13,112.91 1 1
github.com/mdemidenko/monitoring-platform/internal/core/service.go:115.5,115.15 1 1
github.com/mdemidenko/monitoring-platform/internal/core/service.go:131.24,132.32 1 1
github.com/mdemidenko/monitoring-platform/internal/core/service.go:132.32,134.6 1 0
github.com/mdemidenko/monitoring-platform/internal/core/service.go:137.5,137.24 1 1
github.com/mdemidenko/monitoring-platform/internal/core/service.go:137.24,139.6 1 0
github.com/mdemidenko/monitoring-platform/internal/core/service.go:140.5,140.24 1 1
github.com/mdemidenko/monitoring-platform/internal/core/service.go:140.24,142.6 1 0
github.com/mdemidenko/monitoring-platform/internal/core/service.go:144.5,151.37 5 1
github.com/mdemidenko/monitoring-platform/internal/core/service.go:151.37,154.6 2 1
github.com/mdemidenko/monitoring-platform/internal/core/service.go:157.5,160.15 2 1
github.com/mdemidenko/monitoring-platform/internal/core/service.go:160.15,164.6 3 1
github.com/mdemidenko/monitoring-platform/internal/core/service.go:167.5,167.48 1 1
github.com/mdemidenko/monitoring-platform/internal/core/service.go:177.3,183.9 4 1
github.com/mdemidenko/monitoring-platform/internal/core/service.go:183.9,184.16 1 1
github.com/mdemidenko/monitoring-platform/internal/core/service.go:185.27,187.19 2 1
github.com/mdemidenko/monitoring-platform/internal/core/service.go:189.41,190.20 1 1
github.com/mdemidenko/monitoring-platform/internal/core/service.go:190.20,192.14 1 1
github.com/mdemidenko/monitoring-platform/internal/core/service.go:194.13,198.20 3 1
github.com/mdemidenko/monitoring-platform/internal/core/service.go:199.31,201.23 2 0
github.com/mdemidenko/monitoring-platform/internal/core/service.go:206.15,206.15 0 1
github.com/mdemidenko/monitoring-platform/internal/core/service.go:219.3,225.9 4 1
github.com/mdemidenko/monitoring-platform/internal/core/service.go:225.9,226.16 1 1
github.com/mdemidenko/monitoring-platform/internal/core/service.go:227.27,230.19 3 1
github.com/mdemidenko/monitoring-platform/internal/core/service.go:232.25,233.48 1 1
github.com/mdemidenko/monitoring-platform/internal/core/service.go:233.48,237.14 3 1
github.com/mdemidenko/monitoring-platform/internal/core/service.go:239.13,241.20 2 1
github.com/mdemidenko/monitoring-platform/internal/core/service.go:242.31,244.23 2 0
github.com/mdemidenko/monitoring-platform/internal/core/service.go:246.39,249.51 2 1
github.com/mdemidenko/monitoring-platform/internal/core/service.go:249.51,251.18 1 1
github.com/mdemidenko/monitoring-platform/internal/core/service.go:262.24,266.9 3 1
github.com/mdemidenko/monitoring-platform/internal/core/service.go:266.9,267.16 1 1
github.com/mdemidenko/monitoring-platform/internal/core/service.go:268.27,272.20 2 1
github.com/mdemidenko/monitoring-platform/internal/core/service.go:273.25,274.58 1 1
github.com/mdemidenko/monitoring-platform/internal/core/service.go:275.48,276.64 1 1
github.com/mdemidenko/monitoring-platform/internal/core/service.go:279.13,282.14 1 1
github.com/mdemidenko/monitoring-platform/internal/core/service.go:284.38,285.20 1 1
github.com/mdemidenko/monitoring-platform/internal/core/service.go:285.20,292.14 2 1
github.com/mdemidenko/monitoring-platform/internal/core/service.go:294.13,294.36 1 1
github.com/mdemidenko/monitoring-platform/internal/core/service.go:294.36,297.14 2 1
github.com/mdemidenko/monitoring-platform/internal/core/service.go:297.19,300.14 2 1
github.com/mdemidenko/monitoring-platform/internal/core/service.go:307.51,309.2 1 1
github.com/mdemidenko/monitoring-platform/internal/core/service.go:313.73,315.2 1 1
github.com/mdemidenko/monitoring-platform/internal/core/service.go:319.81,321.2 1 1
github.com/mdemidenko/monitoring-platform/internal/core/service.go:325.63,334.2 3 1
github.com/mdemidenko/monitoring-platform/internal/domain/errors.go:12.38,13.21 1 1
github.com/mdemidenko/monitoring-platform/internal/domain/errors.go:13.21,15.6 1 1
github.com/mdemidenko/monitoring-platform/internal/domain/errors.go:16.5,16.52 1 1
github.com/mdemidenko/monitoring-platform/internal/domain/errors.go:19.38,21.2 1 1
github.com/mdemidenko/monitoring-platform/internal/domain/errors.go:34.67,40.2 1 1
github.com/mdemidenko/monitoring-platform/internal/domain/errors.go:43.61,44.28 1 1
github.com/mdemidenko/monitoring-platform/internal/domain/errors.go:44.28,46.6 1 1
github.com/mdemidenko/monitoring-platform/internal/domain/errors.go:47.5,47.32 1 1
github.com/mdemidenko/monitoring-platform/internal/domain/errors.go:47.32,49.6 1 1
github.com/mdemidenko/monitoring-platform/internal/domain/errors.go:50.5,50.34 1 1
github.com/mdemidenko/monitoring-platform/internal/domain/errors.go:50.34,52.6 1 1
github.com/mdemidenko/monitoring-platform/internal/domain/errors.go:53.5,53.15 1 1
github.com/mdemidenko/monitoring-platform/internal/domain/models.go:32.57,37.2 1 1
github.com/mdemidenko/monitoring-platform/config/config.go:40.34,58.2 8 1
github.com/mdemidenko/monitoring-platform/config/config.go:87.53,89.22 1 1
github.com/mdemidenko/monitoring-platform/config/config.go:89.22,91.23 2 1
github.com/mdemidenko/monitoring-platform/config/config.go:91.23,93.4 1 0
github.com/mdemidenko/monitoring-platform/config/config.go:96.2,100.16 3 1
github.com/mdemidenko/monitoring-platform/config/config.go:100.16,102.3 1 1
github.com/mdemidenko/monitoring-platform/config/config.go:105.2,106.54 2 1
github.com/mdemidenko/monitoring-platform/config/config.go:106.54,108.3 1 1
github.com/mdemidenko/monitoring-platform/config/config.go:111.2,111.42 1 1
github.com/mdemidenko/monitoring-platform/config/config.go:111.42,113.3 1 0
github.com/mdemidenko/monitoring-platform/config/config.go:116.2,121.21 3 1
github.com/mdemidenko/monitoring-platform/config/config.go:125.56,127.16 2 1
github.com/mdemidenko/monitoring-platform/config/config.go:127.16,130.3 2 1
github.com/mdemidenko/monitoring-platform/config/config.go:131.2,131.15 1 0
github.com/mdemidenko/monitoring-platform/config/config.go:135.30,166.2 1 1
github.com/mdemidenko/monitoring-platform/config/config.go:169.35,170.31 1 1
github.com/mdemidenko/monitoring-platform/config/config.go:170.31,172.3 1 1
github.com/mdemidenko/monitoring-platform/config/config.go:173.2,173.29 1 1
github.com/mdemidenko/monitoring-platform/config/config.go:173.29,175.3 1 1
github.com/mdemidenko/monitoring-platform/config/config.go:176.2,176.29 1 1
github.com/mdemidenko/monitoring-platform/config/config.go:176.29,178.3 1 1
github.com/mdemidenko/monitoring-platform/config/config.go:179.2,179.25 1 1
github.com/mdemidenko/monitoring-platform/config/config.go:179.25,181.3 1 1
github.com/mdemidenko/monitoring-platform/config/config.go:182.2,182.28 1 1
github.com/mdemidenko/monitoring-platform/config/config.go:182.28,184.6 1 1
github.com/mdemidenko/monitoring-platform/config/config.go:185.5,185.34 1 1
github.com/mdemidenko/monitoring-platform/config/config.go:185.34,187.6 1 1
github.com/mdemidenko/monitoring-platform/config/config.go:188.5,188.52 1 1
github.com/mdemidenko/monitoring-platform/config/config.go:188.52,190.6 1 1
github.com/mdemidenko/monitoring-platform/config/config.go:192.2,197.43 2 1
github.com/mdemidenko/monitoring-platform/config/config.go:197.43,199.3 1 0
github.com/mdemidenko/monitoring-platform/config/config.go:201.2,201.12 1 1
github.com/mdemidenko/monitoring-platform/config/config.go:205.38,207.2 1 1
github.com/mdemidenko/monitoring-platform/config/config.go:210.39,212.2 1 1
github.com/mdemidenko/monitoring-platform/config/config.go:215.36,216.59 1 1
github.com/mdemidenko/monitoring-platform/config/config.go:216.59,218.3 1 1
github.com/mdemidenko/monitoring-platform/config/config.go:219.2,219.59 1 1
github.com/mdemidenko/monitoring-platform/config/config.go:219.59,221.3 1 1
github.com/mdemidenko/monitoring-platform/config/config.go:222.2,222.55 1 1
github.com/mdemidenko/monitoring-platform/config/config.go:222.55,224.3 1 1
github.com/mdemidenko/monitoring-platform/config/config.go:226.5,226.67 1 1
github.com/mdemidenko/monitoring-platform/config/config.go:226.67,228.6 1 1
github.com/mdemidenko/monitoring-platform/config/config.go:229.5,229.71 1 1
github.com/mdemidenko/monitoring-platform/config/config.go:229.71,230.68 1 1
github.com/mdemidenko/monitoring-platform/config/config.go:230.68,232.10 1 1
github.com/mdemidenko/monitoring-platform/config/config.go:234.5,234.54 1 1
github.com/mdemidenko/monitoring-platform/config/config.go:234.54,236.6 1 1
github.com/mdemidenko/monitoring-platform/config/config.go:237.5,237.63 1 1
github.com/mdemidenko/monitoring-platform/config/config.go:237.63,239.6 1 1
github.com/mdemidenko/monitoring-platform/config/config.go:243.30,250.25 4 1
github.com/mdemidenko/monitoring-platform/config/config.go:250.25,251.54 1 1
github.com/mdemidenko/monitoring-platform/config/config.go:251.54,254.10 2 1
github.com/mdemidenko/monitoring-platform/config/config.go:255.9,255.64 1 0
github.com/mdemidenko/monitoring-platform/config/config.go:259.5,260.19 2 1
github.com/mdemidenko/monitoring-platform/config/config.go:260.19,263.6 2 0
github.com/mdemidenko/monitoring-platform/config/config.go:265.5,273.40 3 1
github.com/mdemidenko/monitoring-platform/config/config.go:273.40,274.48 1 1
github.com/mdemidenko/monitoring-platform/config/config.go:274.48,277.10 2 1
github.com/mdemidenko/monitoring-platform/config/config.go:278.9,278.46 1 1
github.com/mdemidenko/monitoring-platform/config/config.go:281.5,281.14 1 0
github.com/mdemidenko/monitoring-platform/internal/adapters/repository_adapter.go:19.101,20.22 1 1
github.com/mdemidenko/monitoring-platform/internal/adapters/repository_adapter.go:20.22,22.6 1 1
github.com/mdemidenko/monitoring-platform/internal/adapters/repository_adapter.go:24.5,27.6 1 1
github.com/mdemidenko/monitoring-platform/internal/adapters/repository_adapter.go:31.61,33.31 1 1
github.com/mdemidenko/monitoring-platform/internal/adapters/repository_adapter.go:34.31,40.38 2 1
github.com/mdemidenko/monitoring-platform/internal/adapters/repository_adapter.go:42.35,48.38 2 1
github.com/mdemidenko/monitoring-platform/internal/adapters/repository_adapter.go:50.13,51.60 1 1
github.com/mdemidenko/monitoring-platform/internal/adapters/repository_adapter.go:56.71,62.42 3 1
github.com/mdemidenko/monitoring-platform/internal/adapters/repository_adapter.go:62.42,67.6 1 1
github.com/mdemidenko/monitoring-platform/internal/adapters/repository_adapter.go:69.5,69.31 1 1
github.com/mdemidenko/monitoring-platform/internal/adapters/repository_adapter.go:73.79,79.47 3 1
github.com/mdemidenko/monitoring-platform/internal/adapters/repository_adapter.go:79.47,84.6 1 1
github.com/mdemidenko/monitoring-platform/internal/adapters/repository_adapter.go:86.5,86.35 1 1
github.com/mdemidenko/monitoring-platform/internal/adapters/repository_adapter.go:95.115,99.2 1 1
github.com/mdemidenko/monitoring-platform/internal/adapters/telegram_adapter.go:32.90,44.22 3 1
github.com/mdemidenko/monitoring-platform/internal/adapters/telegram_adapter.go:44.22,46.6 1 1
github.com/mdemidenko/monitoring-platform/internal/adapters/telegram_adapter.go:48.5,52.6 1 1
github.com/mdemidenko/monitoring-platform/internal/adapters/telegram_adapter.go:56.122,59.21 2 1
github.com/mdemidenko/monitoring-platform/internal/adapters/telegram_adapter.go:59.21,61.6 1 1
github.com/mdemidenko/monitoring-platform/internal/adapters/telegram_adapter.go:64.5,64.21 1 1
github.com/mdemidenko/monitoring-platform/internal/adapters/telegram_adapter.go:64.21,70.6 1 1
github.com/mdemidenko/monitoring-platform/internal/adapters/telegram_adapter.go:72.5,72.32 1 1
github.com/mdemidenko/monitoring-platform/internal/adapters/telegram_adapter.go:72.32,78.6 1 1
github.com/mdemidenko/monitoring-platform/internal/adapters/telegram_adapter.go:81.5,87.19 3 1
github.com/mdemidenko/monitoring-platform/internal/adapters/telegram_adapter.go:87.19,93.6 1 0
github.com/mdemidenko/monitoring-platform/internal/adapters/telegram_adapter.go:95.5,95.23 1 1
github.com/mdemidenko/monitoring-platform/internal/adapters/telegram_adapter.go:95.23,97.6 1 0
github.com/mdemidenko/monitoring-platform/internal/adapters/telegram_adapter.go:100.5,104.19 3 1
github.com/mdemidenko/monitoring-platform/internal/adapters/telegram_adapter.go:104.19,110.6 1 0
github.com/mdemidenko/monitoring-platform/internal/adapters/telegram_adapter.go:111.5,115.19 3 1
github.com/mdemidenko/monitoring-platform/internal/adapters/telegram_adapter.go:115.19,121.6 1 1
github.com/mdemidenko/monitoring-platform/internal/adapters/telegram_adapter.go:122.5,126.19 3 1
github.com/mdemidenko/monitoring-platform/internal/adapters/telegram_adapter.go:126.19,132.6 1 0
github.com/mdemidenko/monitoring-platform/internal/adapters/telegram_adapter.go:134.5,134.23 1 1
github.com/mdemidenko/monitoring-platform/internal/adapters/telegram_adapter.go:134.23,136.6 1 0
github.com/mdemidenko/monitoring-platform/internal/adapters/telegram_adapter.go:139.5,140.63 2 1
github.com/mdemidenko/monitoring-platform/internal/adapters/telegram_adapter.go:140.63,146.6 1 1
github.com/mdemidenko/monitoring-platform/internal/adapters/telegram_adapter.go:148.5,148.25 1 1
github.com/mdemidenko/monitoring-platform/internal/adapters/telegram_adapter.go:148.25,154.6 1 1
github.com/mdemidenko/monitoring-platform/internal/adapters/telegram_adapter.go:157.5,157.35 1 1
github.com/mdemidenko/monitoring-platform/internal/adapters/telegram_adapter.go:157.35,159.6 1 1
github.com/mdemidenko/monitoring-platform/internal/adapters/telegram_adapter.go:161.5,161.36 1 1
github.com/mdemidenko/monitoring-platform/internal/adapters/telegram_adapter.go:165.47,169.16 3 1
github.com/mdemidenko/monitoring-platform/internal/adapters/telegram_adapter.go:169.16,175.3 1 1
github.com/mdemidenko/monitoring-platform/internal/adapters/telegram_adapter.go:176.2,179.38 2 1
github.com/mdemidenko/monitoring-platform/internal/adapters/telegram_adapter.go:179.38,185.20 3 1
github.com/mdemidenko/monitoring-platform/internal/adapters/telegram_adapter.go:185.20,190.78 2 1
github.com/mdemidenko/monitoring-platform/internal/adapters/telegram_adapter.go:190.78,192.5 1 1
github.com/mdemidenko/monitoring-platform/internal/adapters/telegram_adapter.go:195.3,199.4 1 1
github.com/mdemidenko/monitoring-platform/internal/adapters/telegram_adapter.go:203.2,204.16 2 1
github.com/mdemidenko/monitoring-platform/internal/adapters/telegram_adapter.go:204.16,210.3 1 0
github.com/mdemidenko/monitoring-platform/internal/adapters/telegram_adapter.go:212.2,212.20 1 1
github.com/mdemidenko/monitoring-platform/internal/adapters/telegram_adapter.go:212.20,214.3 1 0
github.com/mdemidenko/monitoring-platform/internal/adapters/telegram_adapter.go:217.2,217.20 1 1
github.com/mdemidenko/monitoring-platform/internal/adapters/telegram_adapter.go:217.20,223.3 1 1
github.com/mdemidenko/monitoring-platform/internal/adapters/telegram_adapter.go:226.2,231.60 2 1
github.com/mdemidenko/monitoring-platform/internal/adapters/telegram_adapter.go:231.60,237.3 1 1
github.com/mdemidenko/monitoring-platform/internal/adapters/telegram_adapter.go:239.2,239.22 1 1
github.com/mdemidenko/monitoring-platform/internal/adapters/telegram_adapter.go:239.22,241.31 2 1
github.com/mdemidenko/monitoring-platform/internal/adapters/telegram_adapter.go:241.31,243.4 1 1
github.com/mdemidenko/monitoring-platform/internal/adapters/telegram_adapter.go:244.3,248.4 1 1
github.com/mdemidenko/monitoring-platform/internal/adapters/telegram_adapter.go:251.2,251.12 1 1
github.com/mdemidenko/monitoring-platform/internal/api/auth.go:23.48,29.47 2 1
github.com/mdemidenko/monitoring-platform/internal/api/auth.go:29.47,35.3 2 1
github.com/mdemidenko/monitoring-platform/internal/api/auth.go:38.2,38.77 1 1
github.com/mdemidenko/monitoring-platform/internal/api/auth.go:38.77,44.3 2 1
github.com/mdemidenko/monitoring-platform/internal/api/auth.go:47.2,53.16 2 1
github.com/mdemidenko/monitoring-platform/internal/api/auth.go:53.16,59.3 2 0
github.com/mdemidenko/monitoring-platform/internal/api/auth.go:61.2,68.4 2 1
github.com/mdemidenko/monitoring-platform/internal/api/errors.go:25.101,33.2 1 1
github.com/mdemidenko/monitoring-platform/internal/api/errors.go:36.76,38.22 2 1
github.com/mdemidenko/monitoring-platform/internal/api/errors.go:38.22,40.3 1 1
github.com/mdemidenko/monitoring-platform/internal/api/errors.go:41.2,41.80 1 1
github.com/mdemidenko/monitoring-platform/internal/api/errors.go:45.78,47.22 2 1
github.com/mdemidenko/monitoring-platform/internal/api/errors.go:47.22,49.3 1 1
github.com/mdemidenko/monitoring-platform/internal/api/errors.go:50.2,50.83 1 1
github.com/mdemidenko/monitoring-platform/internal/api/errors.go:54.80,56.22 2 1
github.com/mdemidenko/monitoring-platform/internal/api/errors.go:56.22,58.3 1 0
github.com/mdemidenko/monitoring-platform/internal/api/errors.go:59.2,59.99 1 1
github.com/mdemidenko/monitoring-platform/internal/api/errors.go:63.76,65.22 2 1
github.com/mdemidenko/monitoring-platform/internal/api/errors.go:65.22,67.3 1 0
github.com/mdemidenko/monitoring-platform/internal/api/errors.go:68.2,68.80 1 1
github.com/mdemidenko/monitoring-platform/internal/api/errors.go:72.84,74.22 2 1
github.com/mdemidenko/monitoring-platform/internal/api/errors.go:74.22,76.3 1 1
github.com/mdemidenko/monitoring-platform/internal/api/errors.go:77.2,77.96 1 1
github.com/mdemidenko/monitoring-platform/internal/api/handler.go:18.94,23.2 1 1
github.com/mdemidenko/monitoring-platform/internal/api/handler.go:34.49,35.60 1 1
github.com/mdemidenko/monitoring-platform/internal/api/handler.go:35.60,41.3 2 1
github.com/mdemidenko/monitoring-platform/internal/api/handler.go:44.2,55.4 2 1
github.com/mdemidenko/monitoring-platform/internal/api/handler.go:71.47,77.47 2 1
github.com/mdemidenko/monitoring-platform/internal/api/handler.go:77.47,83.3 2 1
github.com/mdemidenko/monitoring-platform/internal/api/handler.go:86.2,87.18 2 1
github.com/mdemidenko/monitoring-platform/internal/api/handler.go:87.18,89.3 1 1
github.com/mdemidenko/monitoring-platform/internal/api/handler.go:92.2,93.16 2 1
github.com/mdemidenko/monitoring-platform/internal/api/handler.go:93.16,98.34 4 1
github.com/mdemidenko/monitoring-platform/internal/api/handler.go:98.34,101.4 2 1
github.com/mdemidenko/monitoring-platform/internal/api/handler.go:101.9,101.46 1 1
github.com/mdemidenko/monitoring-platform/internal/api/handler.go:101.46,104.4 2 1
github.com/mdemidenko/monitoring-platform/internal/api/handler.go:106.3,112.9 2 1
github.com/mdemidenko/monitoring-platform/internal/api/handler.go:115.2,123.4 1 1
github.com/mdemidenko/monitoring-platform/internal/api/handler.go:138.48,148.47 2 1
github.com/mdemidenko/monitoring-platform/internal/api/handler.go:148.47,154.3 2 1
github.com/mdemidenko/monitoring-platform/internal/api/handler.go:157.2,158.35 2 1
github.com/mdemidenko/monitoring-platform/internal/api/handler.go:158.35,160.19 2 1
github.com/mdemidenko/monitoring-platform/internal/api/handler.go:160.19,162.4 1 1
github.com/mdemidenko/monitoring-platform/internal/api/handler.go:163.3,163.82 1 1
github.com/mdemidenko/monitoring-platform/internal/api/handler.go:167.2,168.24 2 1
github.com/mdemidenko/monitoring-platform/internal/api/handler.go:168.24,170.3 1 1
github.com/mdemidenko/monitoring-platform/internal/api/handler.go:172.2,173.21 2 1
github.com/mdemidenko/monitoring-platform/internal/api/handler.go:173.21,175.3 1 1
github.com/mdemidenko/monitoring-platform/internal/api/handler.go:178.2,190.4 2 1
github.com/mdemidenko/monitoring-platform/internal/api/handler.go:203.56,208.34 3 1
github.com/mdemidenko/monitoring-platform/internal/api/handler.go:208.34,213.3 1 1
github.com/mdemidenko/monitoring-platform/internal/api/handler.go:215.2,221.4 1 1
github.com/mdemidenko/monitoring-platform/internal/api/handler.go:234.60,239.38 3 1
github.com/mdemidenko/monitoring-platform/internal/api/handler.go:239.38,244.3 1 1
github.com/mdemidenko/monitoring-platform/internal/api/handler.go:246.2,252.4 1 1
github.com/mdemidenko/monitoring-platform/internal/api/handler.go:265.49,286.2 2 1
github.com/mdemidenko/monitoring-platform/internal/api/server.go:25.81,46.2 7 1
github.com/mdemidenko/monitoring-platform/internal/api/server.go:49.37,50.28 1 1
github.com/mdemidenko/monitoring-platform/internal/api/server.go:51.17,52.31 1 1
github.com/mdemidenko/monitoring-platform/internal/api/server.go:53.14,54.28 1 1
github.com/mdemidenko/monitoring-platform/internal/api/server.go:55.10,56.29 1 1
github.com/mdemidenko/monitoring-platform/internal/api/server.go:61.36,66.39 2 1
github.com/mdemidenko/monitoring-platform/internal/api/server.go:66.39,68.3 1 1
github.com/mdemidenko/monitoring-platform/internal/api/server.go:71.2,74.29 2 1
github.com/mdemidenko/monitoring-platform/internal/api/server.go:74.29,76.3 1 1
github.com/mdemidenko/monitoring-platform/internal/api/server.go:79.2,79.42 1 1
github.com/mdemidenko/monitoring-platform/internal/api/server.go:79.42,80.81 1 0
github.com/mdemidenko/monitoring-platform/internal/api/server.go:80.81,82.4 1 0
github.com/mdemidenko/monitoring-platform/internal/api/server.go:87.60,88.30 1 1
github.com/mdemidenko/monitoring-platform/internal/api/server.go:88.30,100.18 7 1
github.com/mdemidenko/monitoring-platform/internal/api/server.go:100.18,102.4 1 0
github.com/mdemidenko/monitoring-platform/internal/api/server.go:104.3,110.4 1 1
github.com/mdemidenko/monitoring-platform/internal/api/server.go:115.39,116.30 1 1
github.com/mdemidenko/monitoring-platform/internal/api/server.go:116.30,122.36 5 1
github.com/mdemidenko/monitoring-platform/internal/api/server.go:122.36,125.4 2 1
github.com/mdemidenko/monitoring-platform/internal/api/server.go:127.3,127.11 1 0
github.com/mdemidenko/monitoring-platform/internal/api/server.go:132.32,141.2 3 1
github.com/mdemidenko/monitoring-platform/internal/api/server.go:141.2,149.9 5 1
github.com/mdemidenko/monitoring-platform/internal/api/server.go:149.9,158.10 5 1
github.com/mdemidenko/monitoring-platform/internal/api/server.go:162.2,162.41 1 1
github.com/mdemidenko/monitoring-platform/internal/api/server.go:162.41,170.3 1 1
github.com/mdemidenko/monitoring-platform/internal/api/server.go:173.2,173.40 1 1
github.com/mdemidenko/monitoring-platform/internal/api/server.go:173.40,180.3 1 1
github.com/mdemidenko/monitoring-platform/internal/api/server.go:184.37,186.65 2 1
github.com/mdemidenko/monitoring-platform/internal/api/server.go:186.65,188.3 1 0
github.com/mdemidenko/monitoring-platform/internal/api/server.go:190.2,211.85 13 1
github.com/mdemidenko/monitoring-platform/internal/api/server.go:211.85,213.3 1 0
github.com/mdemidenko/monitoring-platform/internal/api/server.go:217.54,218.25 1 1
github.com/mdemidenko/monitoring-platform/internal/api/server.go:218.25,220.3 1 1
github.com/mdemidenko/monitoring-platform/internal/api/server.go:221.2,221.12 1 1
github.com/mdemidenko/monitoring-platform/internal/grpc/auth.go:21.60,30.2 2 1
github.com/mdemidenko/monitoring-platform/internal/grpc/auth.go:33.73,39.25 1 1
github.com/mdemidenko/monitoring-platform/internal/grpc/auth.go:39.25,40.49 1 1
github.com/mdemidenko/monitoring-platform/internal/grpc/auth.go:40.49,42.4 1 1
github.com/mdemidenko/monitoring-platform/internal/grpc/auth.go:44.3,45.17 2 1
github.com/mdemidenko/monitoring-platform/internal/grpc/auth.go:45.17,47.4 1 1
github.com/mdemidenko/monitoring-platform/internal/grpc/auth.go:49.3,49.27 1 1
github.com/mdemidenko/monitoring-platform/internal/grpc/auth.go:54.75,60.10 1 1
github.com/mdemidenko/monitoring-platform/internal/grpc/auth.go:60.10,61.49 1 1
github.com/mdemidenko/monitoring-platform/internal/grpc/auth.go:61.49,63.4 1 1
github.com/mdemidenko/monitoring-platform/internal/grpc/auth.go:65.3,66.17 2 1
github.com/mdemidenko/monitoring-platform/internal/grpc/auth.go:66.17,68.4 1 1
github.com/mdemidenko/monitoring-platform/internal/grpc/auth.go:70.3,70.30 1 0
github.com/mdemidenko/monitoring-platform/internal/grpc/auth.go:75.77,77.9 2 1
github.com/mdemidenko/monitoring-platform/internal/grpc/auth.go:77.9,79.3 1 1
github.com/mdemidenko/monitoring-platform/internal/grpc/auth.go:81.2,82.27 2 1
github.com/mdemidenko/monitoring-platform/internal/grpc/auth.go:82.27,84.3 1 1
github.com/mdemidenko/monitoring-platform/internal/grpc/auth.go:86.2,87.48 2 1
github.com/mdemidenko/monitoring-platform/internal/grpc/auth.go:87.48,89.3 1 1
github.com/mdemidenko/monitoring-platform/internal/grpc/auth.go:91.2,93.83 2 1
github.com/mdemidenko/monitoring-platform/internal/grpc/auth.go:93.83,94.58 1 1
github.com/mdemidenko/monitoring-platform/internal/grpc/auth.go:94.58,96.4 1 0
github.com/mdemidenko/monitoring-platform/internal/grpc/auth.go:97.3,97.44 1 1
github.com/mdemidenko/monitoring-platform/internal/grpc/auth.go:100.2,100.16 1 1
github.com/mdemidenko/monitoring-platform/internal/grpc/auth.go:100.16,102.3 1 1
github.com/mdemidenko/monitoring-platform/internal/grpc/auth.go:104.2,104.18 1 1
github.com/mdemidenko/monitoring-platform/internal/grpc/auth.go:104.18,106.3 1 0
github.com/mdemidenko/monitoring-platform/internal/grpc/auth.go:108.2,108.12 1 1
github.com/mdemidenko/monitoring-platform/internal/grpc/server.go:31.24,49.33 3 1
github.com/mdemidenko/monitoring-platform/internal/grpc/server.go:49.33,55.6 2 1
github.com/mdemidenko/monitoring-platform/internal/grpc/server.go:58.5,58.43 1 1
github.com/mdemidenko/monitoring-platform/internal/grpc/server.go:58.43,60.6 1 0
github.com/mdemidenko/monitoring-platform/internal/grpc/server.go:63.5,69.28 3 1
github.com/mdemidenko/monitoring-platform/internal/grpc/server.go:69.28,71.6 1 0
github.com/mdemidenko/monitoring-platform/internal/grpc/server.go:73.5,77.11 1 1
github.com/mdemidenko/monitoring-platform/internal/grpc/server.go:81.47,83.68 2 1
github.com/mdemidenko/monitoring-platform/internal/grpc/server.go:83.68,85.6 1 0
github.com/mdemidenko/monitoring-platform/internal/grpc/server.go:88.5,89.19 2 1
github.com/mdemidenko/monitoring-platform/internal/grpc/server.go:89.19,91.6 1 0
github.com/mdemidenko/monitoring-platform/internal/grpc/server.go:93.5,100.52 5 1
github.com/mdemidenko/monitoring-platform/internal/grpc/server.go:100.52,102.6 1 0
github.com/mdemidenko/monitoring-platform/internal/grpc/server.go:104.5,104.15 1 1
github.com/mdemidenko/monitoring-platform/internal/grpc/server.go:108.58,109.24 1 1
github.com/mdemidenko/monitoring-platform/internal/grpc/server.go:109.24,112.6 2 1
github.com/mdemidenko/monitoring-platform/internal/grpc/server.go:113.5,113.15 1 1
github.com/mdemidenko/monitoring-platform/internal/grpc/server.go:117.47,119.2 1 1
github.com/mdemidenko/monitoring-platform/internal/grpc/service.go:32.22,37.2 1 1
github.com/mdemidenko/monitoring-platform/internal/grpc/service.go:41.109,43.80 1 1
github.com/mdemidenko/monitoring-platform/internal/grpc/service.go:43.80,45.6 1 1
github.com/mdemidenko/monitoring-platform/internal/grpc/service.go:47.5,56.19 5 1
github.com/mdemidenko/monitoring-platform/internal/grpc/service.go:56.19,58.6 1 0
github.com/mdemidenko/monitoring-platform/internal/grpc/service.go:59.5,63.11 1 1
github.com/mdemidenko/monitoring-platform/internal/grpc/service.go:68.129,73.82 2 1
github.com/mdemidenko/monitoring-platform/internal/grpc/service.go:73.82,75.6 1 1
github.com/mdemidenko/monitoring-platform/internal/grpc/service.go:77.5,81.11 1 1
github.com/mdemidenko/monitoring-platform/internal/grpc/service.go:85.128,90.37 2 1
github.com/mdemidenko/monitoring-platform/internal/grpc/service.go:90.37,91.35 1 1
github.com/mdemidenko/monitoring-platform/internal/grpc/service.go:91.35,96.10 1 1
github.com/mdemidenko/monitoring-platform/internal/grpc/service.go:99.5,99.71 1 1
github.com/mdemidenko/monitoring-platform/internal/grpc/service.go:103.118,109.37 3 1
github.com/mdemidenko/monitoring-platform/internal/grpc/service.go:109.37,114.6 1 1
github.com/mdemidenko/monitoring-platform/internal/grpc/service.go:116.5,119.11 1 1
github.com/mdemidenko/monitoring-platform/internal/grpc/service.go:124.141,132.86 2 1
github.com/mdemidenko/monitoring-platform/internal/grpc/service.go:132.86,134.6 1 1
github.com/mdemidenko/monitoring-platform/internal/grpc/service.go:136.5,140.11 1 1
github.com/mdemidenko/monitoring-platform/internal/grpc/service.go:144.140,149.41 2 1
github.com/mdemidenko/monitoring-platform/internal/grpc/service.go:149.41,150.41 1 1
github.com/mdemidenko/monitoring-platform/internal/grpc/service.go:150.41,155.10 1 1
github.com/mdemidenko/monitoring-platform/internal/grpc/service.go:158.5,158.76 1 1
github.com/mdemidenko/monitoring-platform/internal/grpc/service.go:162.126,168.41 3 1
github.com/mdemidenko/monitoring-platform/internal/grpc/service.go:168.41,173.6 1 1
github.com/mdemidenko/monitoring-platform/internal/grpc/service.go:175.5,178.11 1 1
github.com/mdemidenko/monitoring-platform/internal/grpc/service.go:183.114,194.77 2 1
github.com/mdemidenko/monitoring-platform/internal/grpc/service.go:194.77,197.6 1 0
github.com/mdemidenko/monitoring-platform/internal/grpc/service.go:199.5,205.11 2 1
github.com/mdemidenko/monitoring-platform/internal/grpc/service.go:209.113,217.2 1 1
github.com/mdemidenko/monitoring-platform/internal/grpc/service.go:220.108,233.2 1 1
github.com/mdemidenko/monitoring-platform/internal/grpc/service.go:237.111,246.76 2 1
github.com/mdemidenko/monitoring-platform/internal/grpc/service.go:246.76,249.6 1 1
github.com/mdemidenko/monitoring-platform/internal/grpc/service.go:251.5,257.11 2 1
github.com/mdemidenko/monitoring-platform/internal/grpc/service.go:261.110,267.2 1 1
github.com/mdemidenko/monitoring-platform/internal/grpc/service.go:270.106,281.2 1 1
github.com/mdemidenko/monitoring-platform/internal/grpc/service.go:285.118,288.21 2 1
github.com/mdemidenko/monitoring-platform/internal/grpc/service.go:288.21,290.6 1 0
github.com/mdemidenko/monitoring-platform/internal/grpc/service.go:293.5,294.19 2 1
github.com/mdemidenko/monitoring-platform/internal/grpc/service.go:294.19,296.6 1 1
github.com/mdemidenko/monitoring-platform/internal/grpc/service.go:299.5,305.32 2 1
github.com/mdemidenko/monitoring-platform/internal/grpc/service.go:305.32,309.6 2 1
github.com/mdemidenko/monitoring-platform/internal/grpc/service.go:311.5,311.25 1 1
github.com/mdemidenko/monitoring-platform/internal/grpc/service.go:315.121,318.38 2 1
github.com/mdemidenko/monitoring-platform/internal/grpc/service.go:318.38,320.25 2 1
github.com/mdemidenko/monitoring-platform/internal/grpc/service.go:320.25,322.10 1 0
github.com/mdemidenko/monitoring-platform/internal/grpc/service.go:323.9,326.11 1 1
github.com/mdemidenko/monitoring-platform/internal/grpc/service.go:330.5,331.27 2 1
github.com/mdemidenko/monitoring-platform/internal/grpc/service.go:331.27,333.6 1 1
github.com/mdemidenko/monitoring-platform/internal/grpc/service.go:336.5,337.45 2 1
github.com/mdemidenko/monitoring-platform/internal/grpc/service.go:337.45,339.6 1 1
github.com/mdemidenko/monitoring-platform/internal/grpc/service.go:342.5,350.11 2 1
github.com/mdemidenko/monitoring-platform/internal/logger/logger.go:19.97,24.2 1 1
github.com/mdemidenko/monitoring-platform/internal/logger/logger.go:27.53,31.2 2 1
github.com/mdemidenko/monitoring-platform/internal/logger/logger.go:34.33,36.2 1 1
github.com/mdemidenko/monitoring-platform/internal/logger/logger.go:39.55,51.6 8 1
github.com/mdemidenko/monitoring-platform/internal/logger/logger.go:51.6,52.10 1 1
github.com/mdemidenko/monitoring-platform/internal/logger/logger.go:53.21,56.10 2 1
github.com/mdemidenko/monitoring-platform/internal/logger/logger.go:57.19,59.56 1 1
github.com/mdemidenko/monitoring-platform/internal/logger/logger.go:70.3,80.55 6 1
github.com/mdemidenko/monitoring-platform/internal/logger/logger.go:80.55,82.49 2 1
github.com/mdemidenko/monitoring-platform/internal/logger/logger.go:82.49,85.4 1 1
github.com/mdemidenko/monitoring-platform/internal/logger/logger.go:86.3,88.20 3 1
github.com/mdemidenko/monitoring-platform/internal/logger/logger.go:92.2,92.63 1 1
github.com/mdemidenko/monitoring-platform/internal/logger/logger.go:92.63,94.57 2 1
github.com/mdemidenko/monitoring-platform/internal/logger/logger.go:94.57,97.4 1 1
github.com/mdemidenko/monitoring-platform/internal/logger/logger.go:98.3,100.20 3 1
github.com/mdemidenko/monitoring-platform/internal/logger/logger.go:104.2,104.16 1 1
github.com/mdemidenko/monitoring-platform/internal/logger/logger.go:104.16,107.3 1 1
github.com/mdemidenko/monitoring-platform/internal/middleware/auth.go:18.55,19.30 1 1
github.com/mdemidenko/monitoring-platform/internal/middleware/auth.go:19.30,22.23 2 1
github.com/mdemidenko/monitoring-platform/internal/middleware/auth.go:22.23,33.4 2 1
github.com/mdemidenko/monitoring-platform/internal/middleware/auth.go:36.3,37.32 2 1
github.com/mdemidenko/monitoring-platform/internal/middleware/auth.go:37.32,49.4 2 1
github.com/mdemidenko/monitoring-platform/internal/middleware/auth.go:52.3,52.105 1 1
github.com/mdemidenko/monitoring-platform/internal/middleware/auth.go:52.105,54.4 1 1
github.com/mdemidenko/monitoring-platform/internal/middleware/auth.go:56.3,56.17 1 1
github.com/mdemidenko/monitoring-platform/internal/middleware/auth.go:56.17,61.48 3 1
github.com/mdemidenko/monitoring-platform/internal/middleware/auth.go:61.48,67.5 2 1
github.com/mdemidenko/monitoring-platform/internal/middleware/auth.go:67.10,67.57 1 1
github.com/mdemidenko/monitoring-platform/internal/middleware/auth.go:67.57,73.5 2 1
github.com/mdemidenko/monitoring-platform/internal/middleware/auth.go:73.10,77.5 1 0
github.com/mdemidenko/monitoring-platform/internal/middleware/auth.go:79.4,86.10 2 1
github.com/mdemidenko/monitoring-platform/internal/middleware/auth.go:89.3,89.19 1 1
github.com/mdemidenko/monitoring-platform/internal/middleware/auth.go:89.19,100.4 2 0
github.com/mdemidenko/monitoring-platform/internal/middleware/auth.go:103.3,103.47 1 1
github.com/mdemidenko/monitoring-platform/internal/middleware/auth.go:103.47,105.4 1 1
github.com/mdemidenko/monitoring-platform/internal/middleware/auth.go:107.3,107.11 1 1
github.com/mdemidenko/monitoring-platform/internal/middleware/auth.go:112.95,128.2 4 1
github.com/mdemidenko/monitoring-platform/internal/monitor/service.go:25.46,27.2 1 1
github.com/mdemidenko/monitoring-platform/internal/monitor/service.go:30.110,40.34 5 1
github.com/mdemidenko/monitoring-platform/internal/monitor/service.go:40.34,42.31 2 1
github.com/mdemidenko/monitoring-platform/internal/monitor/service.go:42.31,45.43 2 1
github.com/mdemidenko/monitoring-platform/internal/monitor/service.go:45.43,46.24 1 1
github.com/mdemidenko/monitoring-platform/internal/monitor/service.go:47.35,48.27 1 0
github.com/mdemidenko/monitoring-platform/internal/monitor/service.go:49.25,51.63 1 1
github.com/mdemidenko/monitoring-platform/internal/monitor/service.go:51.63,58.32 2 1
github.com/mdemidenko/monitoring-platform/internal/monitor/service.go:59.43,60.35 1 0
github.com/mdemidenko/monitoring-platform/internal/monitor/service.go:61.52,61.52 0 1
github.com/mdemidenko/monitoring-platform/internal/monitor/service.go:70.5,70.15 1 1
github.com/mdemidenko/monitoring-platform/internal/monitor/service.go:70.15,75.16 3 1
github.com/mdemidenko/monitoring-platform/internal/monitor/service.go:76.35,77.54 1 1
github.com/mdemidenko/monitoring-platform/internal/monitor/service.go:77.54,79.14 1 1
github.com/mdemidenko/monitoring-platform/internal/monitor/service.go:80.17,80.17 0 1
github.com/mdemidenko/monitoring-platform/internal/monitor/service.go:82.9,82.27 1 1
github.com/mdemidenko/monitoring-platform/internal/monitor/service.go:85.5,85.36 1 1
github.com/mdemidenko/monitoring-platform/internal/monitor/service.go:89.105,91.2 1 1
github.com/mdemidenko/monitoring-platform/internal/repository/file_storage.go:22.61,27.2 1 1
github.com/mdemidenko/monitoring-platform/internal/repository/file_storage.go:30.93,35.22 3 1
github.com/mdemidenko/monitoring-platform/internal/repository/file_storage.go:35.22,36.13 1 1
github.com/mdemidenko/monitoring-platform/internal/repository/file_storage.go:36.13,40.4 3 1
github.com/mdemidenko/monitoring-platform/internal/repository/file_storage.go:41.3,41.31 1 1
github.com/mdemidenko/monitoring-platform/internal/repository/file_storage.go:44.2,44.12 1 1
github.com/mdemidenko/monitoring-platform/internal/repository/file_storage.go:44.12,49.17 4 1
github.com/mdemidenko/monitoring-platform/internal/repository/file_storage.go:49.17,52.4 2 1
github.com/mdemidenko/monitoring-platform/internal/repository/file_storage.go:54.3,55.57 2 1
github.com/mdemidenko/monitoring-platform/internal/repository/file_storage.go:55.57,58.4 2 1
github.com/mdemidenko/monitoring-platform/internal/repository/file_storage.go:61.3,61.36 1 1
github.com/mdemidenko/monitoring-platform/internal/repository/file_storage.go:61.36,62.11 1 1
github.com/mdemidenko/monitoring-platform/internal/repository/file_storage.go:63.22,65.11 2 0
github.com/mdemidenko/monitoring-platform/internal/repository/file_storage.go:66.33,66.33 0 1
github.com/mdemidenko/monitoring-platform/internal/repository/file_storage.go:71.2,71.30 1 1
github.com/mdemidenko/monitoring-platform/internal/repository/file_storage.go:75.98,79.22 2 1
github.com/mdemidenko/monitoring-platform/internal/repository/file_storage.go:79.22,80.13 1 1
github.com/mdemidenko/monitoring-platform/internal/repository/file_storage.go:80.13,83.4 2 1
github.com/mdemidenko/monitoring-platform/internal/repository/file_storage.go:84.3,84.17 1 1
github.com/mdemidenko/monitoring-platform/internal/repository/file_storage.go:87.2,87.12 1 1
github.com/mdemidenko/monitoring-platform/internal/repository/file_storage.go:87.12,92.7 3 1
github.com/mdemidenko/monitoring-platform/internal/repository/file_storage.go:92.7,93.11 1 1
github.com/mdemidenko/monitoring-platform/internal/repository/file_storage.go:94.22,96.28 1 1
github.com/mdemidenko/monitoring-platform/internal/repository/file_storage.go:96.28,97.53 1 1
github.com/mdemidenko/monitoring-platform/internal/repository/file_storage.go:97.53,100.7 2 0
github.com/mdemidenko/monitoring-platform/internal/repository/file_storage.go:102.5,103.11 2 1
github.com/mdemidenko/monitoring-platform/internal/repository/file_storage.go:105.33,106.12 1 1
github.com/mdemidenko/monitoring-platform/internal/repository/file_storage.go:106.12,108.53 1 1
github.com/mdemidenko/monitoring-platform/internal/repository/file_storage.go:108.53,110.7 1 1
github.com/mdemidenko/monitoring-platform/internal/repository/file_storage.go:111.6,111.12 1 1
github.com/mdemidenko/monitoring-platform/internal/repository/file_storage.go:113.5,113.44 1 1
github.com/mdemidenko/monitoring-platform/internal/repository/file_storage.go:118.2,118.16 1 1
github.com/mdemidenko/monitoring-platform/internal/repository/file_storage.go:122.64,123.23 1 1
github.com/mdemidenko/monitoring-platform/internal/repository/file_storage.go:123.23,125.3 1 1
github.com/mdemidenko/monitoring-platform/internal/repository/file_storage.go:127.2,128.16 2 1
github.com/mdemidenko/monitoring-platform/internal/repository/file_storage.go:128.16,130.3 1 1
github.com/mdemidenko/monitoring-platform/internal/repository/file_storage.go:131.2,136.48 4 1
github.com/mdemidenko/monitoring-platform/internal/repository/file_storage.go:136.48,138.3 1 0
github.com/mdemidenko/monitoring-platform/internal/repository/file_storage.go:140.2,140.12 1 1
github.com/mdemidenko/monitoring-platform/internal/repository/storage.go:22.40,27.2 1 1
github.com/mdemidenko/monitoring-platform/internal/repository/storage.go:29.49,33.28 3 1
github.com/mdemidenko/monitoring-platform/internal/repository/storage.go:34.28,35.47 1 1
github.com/mdemidenko/monitoring-platform/internal/repository/storage.go:36.32,37.55 1 1
github.com/mdemidenko/monitoring-platform/internal/repository/storage.go:38.10,39.54 1 1
github.com/mdemidenko/monitoring-platform/internal/repository/storage.go:42.2,42.12 1 1
github.com/mdemidenko/monitoring-platform/internal/repository/storage.go:45.67,53.2 5 1
github.com/mdemidenko/monitoring-platform/internal/repository/storage.go:55.75,63.2 5 1
github.com/mdemidenko/monitoring-platform/cmd/monitor/main.go:19.13,33.15 7 0
github.com/mdemidenko/monitoring-platform/cmd/monitor/main.go:33.15,42.6 6 0
github.com/mdemidenko/monitoring-platform/cmd/monitor/main.go:45.5,49.67 3 0
github.com/mdemidenko/monitoring-platform/cmd/monitor/main.go:49.67,52.6 2 0
github.com/mdemidenko/monitoring-platform/cmd/monitor/main.go:54.5,54.74 1 0
github.com/mdemidenko/monitoring-platform/cmd/monitor/main.go:57.124,71.15 6 0
github.com/mdemidenko/monitoring-platform/cmd/monitor/main.go:71.15,73.41 2 0
github.com/mdemidenko/monitoring-platform/cmd/monitor/main.go:73.41,77.55 2 0
github.com/mdemidenko/monitoring-platform/cmd/monitor/main.go:77.55,79.14 1 0
github.com/mdemidenko/monitoring-platform/cmd/monitor/main.go:81.13,81.20 1 0
github.com/mdemidenko/monitoring-platform/cmd/monitor/main.go:82.31,83.23 1 0
github.com/mdemidenko/monitoring-platform/cmd/monitor/main.go:84.45,84.45 0 0
github.com/mdemidenko/monitoring-platform/cmd/monitor/main.go:90.5,95.12 3 0
github.com/mdemidenko/monitoring-platform/cmd/monitor/main.go:96.34,96.34 0 0
github.com/mdemidenko/monitoring-platform/cmd/monitor/main.go:97.23,98.25 1 0
github.com/mdemidenko/monitoring-platform/cmd/monitor/main.go:101.5,101.12 1 0
github.com/mdemidenko/monitoring-platform/cmd/monitor/main.go:102.34,102.34 0 0
github.com/mdemidenko/monitoring-platform/cmd/monitor/main.go:103.13,103.13 0 0
github.com/mdemidenko/monitoring-platform/cmd/monitor/main.go:107.5,107.54 1 0
github.com/mdemidenko/monitoring-platform/cmd/monitor/main.go:107.54,109.6 1 0
github.com/mdemidenko/monitoring-platform/cmd/monitor/main.go:111.5,111.54 1 0
github.com/mdemidenko/monitoring-platform/cmd/monitor/main.go:111.54,113.6 1 0
github.com/mdemidenko/monitoring-platform/cmd/monitor/main.go:116.5,127.15 9 0
github.com/mdemidenko/monitoring-platform/docs/docs.go:792.13,794.2 1 0
github.com/mdemidenko/monitoring-platform/internal/notifier/service.go:43.90,55.2 3 1
github.com/mdemidenko/monitoring-platform/internal/notifier/service.go:58.161,66.34 5 1
github.com/mdemidenko/monitoring-platform/internal/notifier/service.go:66.34,69.3 2 1
github.com/mdemidenko/monitoring-platform/internal/notifier/service.go:72.2,75.12 2 1
github.com/mdemidenko/monitoring-platform/internal/notifier/service.go:75.12,79.3 3 1
github.com/mdemidenko/monitoring-platform/internal/notifier/service.go:82.2,82.45 1 1
github.com/mdemidenko/monitoring-platform/internal/notifier/service.go:86.175,92.6 4 1
github.com/mdemidenko/monitoring-platform/internal/notifier/service.go:92.6,93.10 1 1
github.com/mdemidenko/monitoring-platform/internal/notifier/service.go:94.21,97.10 3 1
github.com/mdemidenko/monitoring-platform/internal/notifier/service.go:98.19,99.39 1 1
github.com/mdemidenko/monitoring-platform/internal/notifier/service.go:99.39,103.5 3 1
github.com/mdemidenko/monitoring-platform/internal/notifier/service.go:105.4,108.11 3 1
github.com/mdemidenko/monitoring-platform/internal/notifier/service.go:109.22,112.11 3 0
github.com/mdemidenko/monitoring-platform/internal/notifier/service.go:113.30,115.39 2 1
github.com/mdemidenko/monitoring-platform/internal/notifier/service.go:115.39,117.6 1 1
github.com/mdemidenko/monitoring-platform/internal/notifier/service.go:125.165,131.6 4 1
github.com/mdemidenko/monitoring-platform/internal/notifier/service.go:131.6,132.10 1 1
github.com/mdemidenko/monitoring-platform/internal/notifier/service.go:133.21,135.10 2 1
github.com/mdemidenko/monitoring-platform/internal/notifier/service.go:136.35,137.11 1 1
github.com/mdemidenko/monitoring-platform/internal/notifier/service.go:137.11,139.5 1 1
github.com/mdemidenko/monitoring-platform/internal/notifier/service.go:141.4,145.11 3 1
github.com/mdemidenko/monitoring-platform/internal/notifier/service.go:146.22,148.11 2 0
github.com/mdemidenko/monitoring-platform/internal/notifier/service.go:152.6,152.6 0 1
github.com/mdemidenko/monitoring-platform/internal/notifier/service.go:160.125,164.6 3 1
github.com/mdemidenko/monitoring-platform/internal/notifier/service.go:164.6,165.10 1 1
github.com/mdemidenko/monitoring-platform/internal/notifier/service.go:166.21,168.11 2 1
github.com/mdemidenko/monitoring-platform/internal/notifier/service.go:169.16,170.77 1 1
github.com/mdemidenko/monitoring-platform/internal/notifier/service.go:171.39,172.97 1 1
github.com/mdemidenko/monitoring-platform/internal/notifier/service.go:174.4,174.76 1 1
github.com/mdemidenko/monitoring-platform/internal/notifier/service.go:175.32,176.11 1 1
github.com/mdemidenko/monitoring-platform/internal/notifier/service.go:176.11,179.5 2 1
github.com/mdemidenko/monitoring-platform/internal/notifier/service.go:180.4,180.27 1 1
github.com/mdemidenko/monitoring-platform/internal/notifier/service.go:180.27,183.5 2 1
github.com/mdemidenko/monitoring-platform/internal/notifier/service.go:183.10,186.5 2 1
github.com/mdemidenko/monitoring-platform/internal/notifier/service.go:192.80,194.34 1 1
github.com/mdemidenko/monitoring-platform/internal/notifier/service.go:194.34,196.3 1 0
github.com/mdemidenko/monitoring-platform/internal/notifier/service.go:199.2,199.48 1 1
github.com/mdemidenko/monitoring-platform/internal/notifier/service.go:199.48,201.3 1 1
github.com/mdemidenko/monitoring-platform/internal/notifier/service.go:204.2,204.28 1 1
github.com/mdemidenko/monitoring-platform/internal/notifier/service.go:205.28,208.17 2 1
github.com/mdemidenko/monitoring-platform/internal/notifier/service.go:208.17,210.4 1 1
github.com/mdemidenko/monitoring-platform/internal/notifier/service.go:213.3,213.23 1 1
github.com/mdemidenko/monitoring-platform/internal/notifier/service.go:213.23,214.53 1 1
github.com/mdemidenko/monitoring-platform/internal/notifier/service.go:214.53,216.5 1 1
github.com/mdemidenko/monitoring-platform/internal/notifier/service.go:218.32,220.89 1 1
github.com/mdemidenko/monitoring-platform/internal/notifier/service.go:223.2,223.12 1 1
github.com/mdemidenko/monitoring-platform/internal/notifier/service.go:227.112,229.34 1 1
github.com/mdemidenko/monitoring-platform/internal/notifier/service.go:229.34,231.3 1 0
github.com/mdemidenko/monitoring-platform/internal/notifier/service.go:233.2,236.16 3 1
github.com/mdemidenko/monitoring-platform/internal/notifier/service.go:236.16,238.3 1 0
github.com/mdemidenko/monitoring-platform/internal/notifier/service.go:240.2,240.29 1 1
github.com/mdemidenko/monitoring-platform/internal/notifier/service.go:240.29,242.3 1 1
github.com/mdemidenko/monitoring-platform/internal/notifier/service.go:244.2,246.16 3 1
github.com/mdemidenko/monitoring-platform/internal/notifier/service.go:246.16,248.3 1 1
github.com/mdemidenko/monitoring-platform/internal/notifier/service.go:249.2,252.16 3 1
github.com/mdemidenko/monitoring-platform/internal/notifier/service.go:252.16,254.3 1 0
github.com/mdemidenko/monitoring-platform/internal/notifier/service.go:256.2,257.16 2 1
github.com/mdemidenko/monitoring-platform/internal/notifier/service.go:257.16,259.3 1 1
github.com/mdemidenko/monitoring-platform/internal/notifier/service.go:261.2,261.29 1 1
github.com/mdemidenko/monitoring-platform/internal/notifier/service.go:261.29,263.3 1 1
github.com/mdemidenko/monitoring-platform/internal/notifier/service.go:265.2,266.60 2 1
github.com/mdemidenko/monitoring-platform/internal/notifier/service.go:266.60,268.3 1 1
github.com/mdemidenko/monitoring-platform/internal/notifier/service.go:270.2,270.22 1 1
github.com/mdemidenko/monitoring-platform/internal/notifier/service.go:270.22,272.3 1 1
github.com/mdemidenko/monitoring-platform/internal/notifier/service.go:274.2,274.33 1 1
github.com/mdemidenko/monitoring-platform/internal/notifier/service.go:278.47,281.16 3 1
github.com/mdemidenko/monitoring-platform/internal/notifier/service.go:281.16,283.3 1 1
github.com/mdemidenko/monitoring-platform/internal/notifier/service.go:285.2,285.38 1 1
github.com/mdemidenko/monitoring-platform/internal/notifier/service.go:285.38,287.3 1 1
github.com/mdemidenko/monitoring-platform/internal/notifier/service.go:289.2,289.12 1 1
github.com/mdemidenko/monitoring-platform/cmd/all-servers/main.go:21.13,28.16 4 0
github.com/mdemidenko/monitoring-platform/cmd/all-servers/main.go:28.16,30.3 1 0
github.com/mdemidenko/monitoring-platform/cmd/all-servers/main.go:32.2,53.58 8 0
github.com/mdemidenko/monitoring-platform/cmd/all-servers/main.go:53.58,55.3 1 0
github.com/mdemidenko/monitoring-platform/cmd/all-servers/main.go:58.2,59.12 2 0
github.com/mdemidenko/monitoring-platform/cmd/all-servers/main.go:59.12,62.3 2 0
github.com/mdemidenko/monitoring-platform/cmd/all-servers/main.go:65.2,66.16 2 0
github.com/mdemidenko/monitoring-platform/cmd/all-servers/main.go:66.16,68.3 1 0
github.com/mdemidenko/monitoring-platform/cmd/all-servers/main.go:70.2,70.12 1 0
github.com/mdemidenko/monitoring-platform/cmd/all-servers/main.go:70.12,72.21 2 0
github.com/mdemidenko/monitoring-platform/cmd/all-servers/main.go:72.21,74.4 1 0
github.com/mdemidenko/monitoring-platform/cmd/all-servers/main.go:75.3,77.52 2 0
github.com/mdemidenko/monitoring-platform/cmd/all-servers/main.go:77.52,79.4 1 0
github.com/mdemidenko/monitoring-platform/cmd/all-servers/main.go:82.2,99.57 10 0
github.com/mdemidenko/monitoring-platform/cmd/all-servers/main.go:99.57,101.3 1 0
github.com/mdemidenko/monitoring-platform/cmd/all-servers/main.go:104.2,104.23 1 0
github.com/mdemidenko/monitoring-platform/cmd/all-servers/main.go:104.23,105.58 1 0
github.com/mdemidenko/monitoring-platform/cmd/all-servers/main.go:105.58,107.4 1 0
github.com/mdemidenko/monitoring-platform/cmd/all-servers/main.go:111.2,116.62 4 0
github.com/mdemidenko/monitoring-platform/cmd/all-servers/main.go:120.59,125.2 4 0
github.com/mdemidenko/monitoring-platform/cmd/grpc-client/main.go:19.13,30.16 7 0
github.com/mdemidenko/monitoring-platform/cmd/grpc-client/main.go:30.16,32.3 1 0
github.com/mdemidenko/monitoring-platform/cmd/grpc-client/main.go:34.2,38.16 2 0
github.com/mdemidenko/monitoring-platform/cmd/grpc-client/main.go:38.16,40.3 1 0
github.com/mdemidenko/monitoring-platform/cmd/grpc-client/main.go:41.2,56.16 7 0
github.com/mdemidenko/monitoring-platform/cmd/grpc-client/main.go:56.16,58.3 1 0
github.com/mdemidenko/monitoring-platform/cmd/grpc-client/main.go:59.2,69.35 5 0
github.com/mdemidenko/monitoring-platform/cmd/grpc-client/main.go:73.60,74.22 1 0
github.com/mdemidenko/monitoring-platform/cmd/grpc-client/main.go:74.22,77.3 1 0
github.com/mdemidenko/monitoring-platform/cmd/grpc-client/main.go:78.2,78.38 1 0
github.com/mdemidenko/monitoring-platform/cmd/grpc-client/main.go:82.110,91.16 4 0
github.com/mdemidenko/monitoring-platform/cmd/grpc-client/main.go:91.16,93.3 1 0
github.com/mdemidenko/monitoring-platform/cmd/grpc-client/main.go:93.8,96.3 2 0
github.com/mdemidenko/monitoring-platform/cmd/grpc-client/main.go:99.2,101.16 3 0
github.com/mdemidenko/monitoring-platform/cmd/grpc-client/main.go:101.16,103.3 1 0
github.com/mdemidenko/monitoring-platform/cmd/grpc-client/main.go:103.8,105.44 2 0
github.com/mdemidenko/monitoring-platform/cmd/grpc-client/main.go:105.44,107.4 1 0
github.com/mdemidenko/monitoring-platform/cmd/grpc-client/main.go:111.2,117.16 3 0
github.com/mdemidenko/monitoring-platform/cmd/grpc-client/main.go:117.16,119.3 1 0
github.com/mdemidenko/monitoring-platform/cmd/grpc-client/main.go:119.8,123.3 3 0
github.com/mdemidenko/monitoring-platform/cmd/grpc-client/main.go:126.2,128.16 3 0
github.com/mdemidenko/monitoring-platform/cmd/grpc-client/main.go:128.16,130.3 1 0
github.com/mdemidenko/monitoring-platform/cmd/grpc-client/main.go:130.8,132.52 2 0
github.com/mdemidenko/monitoring-platform/cmd/grpc-client/main.go:132.52,134.4 1 0
github.com/mdemidenko/monitoring-platform/cmd/grpc-client/main.go:138.2,146.16 3 0
github.com/mdemidenko/monitoring-platform/cmd/grpc-client/main.go:146.16,148.3 1 0
github.com/mdemidenko/monitoring-platform/cmd/grpc-client/main.go:148.8,150.3 1 0
github.com/mdemidenko/monitoring-platform/cmd/grpc-client/main.go:153.2,172.16 3 0
github.com/mdemidenko/monitoring-platform/cmd/grpc-client/main.go:172.16,174.3 1 0
github.com/mdemidenko/monitoring-platform/cmd/grpc-client/main.go:174.8,178.3 2 0
github.com/mdemidenko/monitoring-platform/cmd/grpc-client/main.go:181.2,188.60 7 0
github.com/mdemidenko/monitoring-platform/cmd/grpc-server/main.go:20.13,27.16 4 0
github.com/mdemidenko/monitoring-platform/cmd/grpc-server/main.go:27.16,29.3 1 0
github.com/mdemidenko/monitoring-platform/cmd/grpc-server/main.go:32.2,50.58 7 0
github.com/mdemidenko/monitoring-platform/cmd/grpc-server/main.go:50.58,52.3 1 0
github.com/mdemidenko/monitoring-platform/cmd/grpc-server/main.go:55.2,56.16 2 0
github.com/mdemidenko/monitoring-platform/cmd/grpc-server/main.go:56.16,58.3 1 0
github.com/mdemidenko/monitoring-platform/cmd/grpc-server/main.go:60.2,60.12 1 0
github.com/mdemidenko/monitoring-platform/cmd/grpc-server/main.go:60.12,62.21 2 0
github.com/mdemidenko/monitoring-platform/cmd/grpc-server/main.go:62.21,64.4 1 0
github.com/mdemidenko/monitoring-platform/cmd/grpc-server/main.go:65.3,67.52 2 0
github.com/mdemidenko/monitoring-platform/cmd/grpc-server/main.go:67.52,69.4 1 0
github.com/mdemidenko/monitoring-platform/cmd/grpc-server/main.go:73.2,84.23 7 0
github.com/mdemidenko/monitoring-platform/cmd/grpc-server/main.go:84.23,85.58 1 0
github.com/mdemidenko/monitoring-platform/cmd/grpc-server/main.go:85.58,87.4 1 0
github.com/mdemidenko/monitoring-platform/cmd/grpc-server/main.go:91.2,96.56 4 0
github.com/mdemidenko/monitoring-platform/cmd/grpc-server/main.go:100.59,105.2 4 0
github.com/mdemidenko/monitoring-platform/cmd/notifier/main.go:44.13,51.19 4 0
github.com/mdemidenko/monitoring-platform/cmd/notifier/main.go:51.19,53.6 1 0
github.com/mdemidenko/monitoring-platform/cmd/notifier/main.go:56.5,70.57 7 0
github.com/mdemidenko/monitoring-platform/cmd/notifier/main.go:70.57,72.6 1 0
github.com/mdemidenko/monitoring-platform/cmd/notifier/main.go:75.5,86.12 4 0
github.com/mdemidenko/monitoring-platform/cmd/notifier/main.go:86.12,89.3 2 0
github.com/mdemidenko/monitoring-platform/cmd/notifier/main.go:91.5,106.56 9 0
github.com/mdemidenko/monitoring-platform/cmd/notifier/main.go:106.56,108.6 1 0
github.com/mdemidenko/monitoring-platform/cmd/notifier/main.go:111.5,119.64 4 0
github.com/mdemidenko/monitoring-platform/cmd/notifier/main.go:123.59,128.2 4 0
github.com/mdemidenko/monitoring-platform/internal/models/message.go:16.57,21.2 1 0
github.com/mdemidenko/monitoring-platform/pkg/grpc/monitoring.pb.go:34.32,39.2 4 0
github.com/mdemidenko/monitoring-platform/pkg/grpc/monitoring.pb.go:41.40,43.2 1 0
github.com/mdemidenko/monitoring-platform/pkg/grpc/monitoring.pb.go:45.38,45.39 0 0
github.com/mdemidenko/monitoring-platform/pkg/grpc/monitoring.pb.go:47.60,49.14 2 0
github.com/mdemidenko/monitoring-platform/pkg/grpc/monitoring.pb.go:49.14,51.34 2 0
github.com/mdemidenko/monitoring-platform/pkg/grpc/monitoring.pb.go:51.34,53.4 1 0
github.com/mdemidenko/monitoring-platform/pkg/grpc/monitoring.pb.go:54.3,54.12 1 0
github.com/mdemidenko/monitoring-platform/pkg/grpc/monitoring.pb.go:56.2,56.24 1 0
github.com/mdemidenko/monitoring-platform/pkg/grpc/monitoring.pb.go:60.51,62.2 1 0
github.com/mdemidenko/monitoring-platform/pkg/grpc/monitoring.pb.go:64.45,65.14 1 0
github.com/mdemidenko/monitoring-platform/pkg/grpc/monitoring.pb.go:65.14,67.3 1 0
github.com/mdemidenko/monitoring-platform/pkg/grpc/monitoring.pb.go:68.2,68.11 1 0
github.com/mdemidenko/monitoring-platform/pkg/grpc/monitoring.pb.go:71.45,72.14 1 0
github.com/mdemidenko/monitoring-platform/pkg/grpc/monitoring.pb.go:72.14,74.3 1 0
github.com/mdemidenko/monitoring-platform/pkg/grpc/monitoring.pb.go:75.2,75.11 1 0
github.com/mdemidenko/monitoring-platform/pkg/grpc/monitoring.pb.go:87.33,92.2 4 0
github.com/mdemidenko/monitoring-platform/pkg/grpc/monitoring.pb.go:94.41,96.2 1 0
github.com/mdemidenko/monitoring-platform/pkg/grpc/monitoring.pb.go:98.39,98.40 0 0
github.com/mdemidenko/monitoring-platform/pkg/grpc/monitoring.pb.go:100.61,102.14 2 0
github.com/mdemidenko/monitoring-platform/pkg/grpc/monitoring.pb.go:102.14,104.34 2 0
github.com/mdemidenko/monitoring-platform/pkg/grpc/monitoring.pb.go:104.34,106.4 1 0
github.com/mdemidenko/monitoring-platform/pkg/grpc/monitoring.pb.go:107.3,107.12 1 0
github.com/mdemidenko/monitoring-platform/pkg/grpc/monitoring.pb.go:109.2,109.24 1 0
github.com/mdemidenko/monitoring-platform/pkg/grpc/monitoring.pb.go:113.52,115.2 1 0
github.com/mdemidenko/monitoring-platform/pkg/grpc/monitoring.pb.go:117.43,118.14 1 0
github.com/mdemidenko/monitoring-platform/pkg/grpc/monitoring.pb.go:118.14,120.3 1 0
github.com/mdemidenko/monitoring-platform/pkg/grpc/monitoring.pb.go:121.2,121.11 1 0
github.com/mdemidenko/monitoring-platform/pkg/grpc/monitoring.pb.go:124.47,125.14 1 0
github.com/mdemidenko/monitoring-platform/pkg/grpc/monitoring.pb.go:125.14,127.3 1 0
github.com/mdemidenko/monitoring-platform/pkg/grpc/monitoring.pb.go:128.2,128.11 1 0
github.com/mdemidenko/monitoring-platform/pkg/grpc/monitoring.pb.go:131.47,132.14 1 0
github.com/mdemidenko/monitoring-platform/pkg/grpc/monitoring.pb.go:132.14,134.3 1 0
github.com/mdemidenko/monitoring-platform/pkg/grpc/monitoring.pb.go:135.2,135.11 1 0
github.com/mdemidenko/monitoring-platform/pkg/grpc/monitoring.pb.go:147.32,152.2 4 0
github.com/mdemidenko/monitoring-platform/pkg/grpc/monitoring.pb.go:154.40,156.2 1 0
github.com/mdemidenko/monitoring-platform/pkg/grpc/monitoring.pb.go:158.38,158.39 0 0
github.com/mdemidenko/monitoring-platform/pkg/grpc/monitoring.pb.go:160.60,162.14 2 0
github.com/mdemidenko/monitoring-platform/pkg/grpc/monitoring.pb.go:162.14,164.34 2 0
github.com/mdemidenko/monitoring-platform/pkg/grpc/monitoring.pb.go:164.34,166.4 1 0
github.com/mdemidenko/monitoring-platform/pkg/grpc/monitoring.pb.go:167.3,167.12 1 0
github.com/mdemidenko/monitoring-platform/pkg/grpc/monitoring.pb.go:169.2,169.24 1 0
github.com/mdemidenko/monitoring-platform/pkg/grpc/monitoring.pb.go:173.51,175.2 1 0
github.com/mdemidenko/monitoring-platform/pkg/grpc/monitoring.pb.go:177.43,178.14 1 0
github.com/mdemidenko/monitoring-platform/pkg/grpc/monitoring.pb.go:178.14,180.3 1 0
github.com/mdemidenko/monitoring-platform/pkg/grpc/monitoring.pb.go:181.2,181.11 1 0
github.com/mdemidenko/monitoring-platform/pkg/grpc/monitoring.pb.go:184.41,185.14 1 0
github.com/mdemidenko/monitoring-platform/pkg/grpc/monitoring.pb.go:185.14,187.3 1 0
github.com/mdemidenko/monitoring-platform/pkg/grpc/monitoring.pb.go:188.2,188.11 1 0
github.com/mdemidenko/monitoring-platform/pkg/grpc/monitoring.pb.go:200.40,205.2 4 0
github.com/mdemidenko/monitoring-platform/pkg/grpc/monitoring.pb.go:207.48,209.2 1 0
github.com/mdemidenko/monitoring-platform/pkg/grpc/monitoring.pb.go:211.46,211.47 0 0
github.com/mdemidenko/monitoring-platform/pkg/grpc/monitoring.pb.go:213.68,215.14 2 0
github.com/mdemidenko/monitoring-platform/pkg/grpc/monitoring.pb.go:215.14,217.34 2 0
github.com/mdemidenko/monitoring-platform/pkg/grpc/monitoring.pb.go:217.34,219.4 1 0
github.com/mdemidenko/monitoring-platform/pkg/grpc/monitoring.pb.go:220.3,220.12 1 0
github.com/mdemidenko/monitoring-platform/pkg/grpc/monitoring.pb.go:222.2,222.24 1 0
github.com/mdemidenko/monitoring-platform/pkg/grpc/monitoring.pb.go:226.59,228.2 1 0
github.com/mdemidenko/monitoring-platform/pkg/grpc/monitoring.pb.go:230.50,231.14 1 0
github.com/mdemidenko/monitoring-platform/pkg/grpc/monitoring.pb.go:231.14,233.3 1 0
github.com/mdemidenko/monitoring-platform/pkg/grpc/monitoring.pb.go:234.2,234.14 1 0
github.com/mdemidenko/monitoring-platform/pkg/grpc/monitoring.pb.go:237.52,238.14 1 0
github.com/mdemidenko/monitoring-platform/pkg/grpc/monitoring.pb.go:238.14,240.3 1 0
github.com/mdemidenko/monitoring-platform/pkg/grpc/monitoring.pb.go:241.2,241.11 1 0
github.com/mdemidenko/monitoring-platform/pkg/grpc/monitoring.pb.go:244.56,245.14 1 0
github.com/mdemidenko/monitoring-platform/pkg/grpc/monitoring.pb.go:245.14,247.3 1 0
github.com/mdemidenko/monitoring-platform/pkg/grpc/monitoring.pb.go:248.2,248.12 1 0
github.com/mdemidenko/monitoring-platform/pkg/grpc/monitoring.pb.go:258.42,263.2 4 0
github.com/mdemidenko/monitoring-platform/pkg/grpc/monitoring.pb.go:265.50,267.2 1 0
github.com/mdemidenko/monitoring-platform/pkg/grpc/monitoring.pb.go:269.48,269.49 0 0
github.com/mdemidenko/monitoring-platform/pkg/grpc/monitoring.pb.go:271.70,273.14 2 0
github.com/mdemidenko/monitoring-platform/pkg/grpc/monitoring.pb.go:273.14,275.34 2 0
github.com/mdemidenko/monitoring-platform/pkg/grpc/monitoring.pb.go:275.34,277.4 1 0
github.com/mdemidenko/monitoring-platform/pkg/grpc/monitoring.pb.go:278.3,278.12 1 0
github.com/mdemidenko/monitoring-platform/pkg/grpc/monitoring.pb.go:280.2,280.24 1 0
github.com/mdemidenko/monitoring-platform/pkg/grpc/monitoring.pb.go:284.61,286.2 1 0
github.com/mdemidenko/monitoring-platform/pkg/grpc/monitoring.pb.go:288.53,289.14 1 0
github.com/mdemidenko/monitoring-platform/pkg/grpc/monitoring.pb.go:289.14,291.3 1 0
github.com/mdemidenko/monitoring-platform/pkg/grpc/monitoring.pb.go:292.2,292.11 1 0
github.com/mdemidenko/monitoring-platform/pkg/grpc/monitoring.pb.go:303.36,308.2 4 0
github.com/mdemidenko/monitoring-platform/pkg/grpc/monitoring.pb.go:310.44,312.2 1 0
github.com/mdemidenko/monitoring-platform/pkg/grpc/monitoring.pb.go:314.42,314.43 0 0
github.com/mdemidenko/monitoring-platform/pkg/grpc/monitoring.pb.go:316.64,318.14 2 0
github.com/mdemidenko/monitoring-platform/pkg/grpc/monitoring.pb.go:318.14,320.34 2 0
github.com/mdemidenko/monitoring-platform/pkg/grpc/monitoring.pb.go:320.34,322.4 1 0
github.com/mdemidenko/monitoring-platform/pkg/grpc/monitoring.pb.go:323.3,323.12 1 0
github.com/mdemidenko/monitoring-platform/pkg/grpc/monitoring.pb.go:325.2,325.24 1 0
github.com/mdemidenko/monitoring-platform/pkg/grpc/monitoring.pb.go:329.55,331.2 1 0
github.com/mdemidenko/monitoring-platform/pkg/grpc/monitoring.pb.go:333.63,334.14 1 0
github.com/mdemidenko/monitoring-platform/pkg/grpc/monitoring.pb.go:334.14,336.3 1 0
github.com/mdemidenko/monitoring-platform/pkg/grpc/monitoring.pb.go:337.2,337.12 1 0
github.com/mdemidenko/monitoring-platform/pkg/grpc/monitoring.pb.go:340.45,341.14 1 0
github.com/mdemidenko/monitoring-platform/pkg/grpc/monitoring.pb.go:341.14,343.3 1 0
github.com/mdemidenko/monitoring-platform/pkg/grpc/monitoring.pb.go:344.2,344.10 1 0
github.com/mdemidenko/monitoring-platform/pkg/grpc/monitoring.pb.go:356.36,361.2 4 0
github.com/mdemidenko/monitoring-platform/pkg/grpc/monitoring.pb.go:363.44,365.2 1 0
github.com/mdemidenko/monitoring-platform/pkg/grpc/monitoring.pb.go:367.42,367.43 0 0
github.com/mdemidenko/monitoring-platform/pkg/grpc/monitoring.pb.go:369.64,371.14 2 0
github.com/mdemidenko/monitoring-platform/pkg/grpc/monitoring.pb.go:371.14,373.34 2 0
github.com/mdemidenko/monitoring-platform/pkg/grpc/monitoring.pb.go:373.34,375.4 1 0
github.com/mdemidenko/monitoring-platform/pkg/grpc/monitoring.pb.go:376.3,376.12 1 0
github.com/mdemidenko/monitoring-platform/pkg/grpc/monitoring.pb.go:378.2,378.24 1 0
github.com/mdemidenko/monitoring-platform/pkg/grpc/monitoring.pb.go:382.55,384.2 1 0
github.com/mdemidenko/monitoring-platform/pkg/grpc/monitoring.pb.go:386.49,387.14 1 0
github.com/mdemidenko/monitoring-platform/pkg/grpc/monitoring.pb.go:387.14,389.3 1 0
github.com/mdemidenko/monitoring-platform/pkg/grpc/monitoring.pb.go:390.2,390.10 1 0
github.com/mdemidenko/monitoring-platform/pkg/grpc/monitoring.pb.go:393.46,394.14 1 0
github.com/mdemidenko/monitoring-platform/pkg/grpc/monitoring.pb.go:394.14,396.3 1 0
github.com/mdemidenko/monitoring-platform/pkg/grpc/monitoring.pb.go:397.2,397.10 1 0
github.com/mdemidenko/monitoring-platform/pkg/grpc/monitoring.pb.go:409.44,414.2 4 0
github.com/mdemidenko/monitoring-platform/pkg/grpc/monitoring.pb.go:416.52,418.2 1 0
github.com/mdemidenko/monitoring-platform/pkg/grpc/monitoring.pb.go:420.50,420.51 0 0
github.com/mdemidenko/monitoring-platform/pkg/grpc/monitoring.pb.go:422.72,424.14 2 0
github.com/mdemidenko/monitoring-platform/pkg/grpc/monitoring.pb.go:424.14,426.34 2 0
github.com/mdemidenko/monitoring-platform/pkg/grpc/monitoring.pb.go:426.34,428.4 1 0
github.com/mdemidenko/monitoring-platform/pkg/grpc/monitoring.pb.go:429.3,429.12 1 0
github.com/mdemidenko/monitoring-platform/pkg/grpc/monitoring.pb.go:431.2,431.24 1 0
github.com/mdemidenko/monitoring-platform/pkg/grpc/monitoring.pb.go:435.63,437.2 1 0
github.com/mdemidenko/monitoring-platform/pkg/grpc/monitoring.pb.go:439.54,440.14 1 0
github.com/mdemidenko/monitoring-platform/pkg/grpc/monitoring.pb.go:440.14,442.3 1 0
github.com/mdemidenko/monitoring-platform/pkg/grpc/monitoring.pb.go:443.2,443.14 1 0
github.com/mdemidenko/monitoring-platform/pkg/grpc/monitoring.pb.go:446.56,447.14 1 0
github.com/mdemidenko/monitoring-platform/pkg/grpc/monitoring.pb.go:447.14,449.3 1 0
github.com/mdemidenko/monitoring-platform/pkg/grpc/monitoring.pb.go:450.2,450.11 1 0
github.com/mdemidenko/monitoring-platform/pkg/grpc/monitoring.pb.go:453.64,454.14 1 0
github.com/mdemidenko/monitoring-platform/pkg/grpc/monitoring.pb.go:454.14,456.3 1 0
github.com/mdemidenko/monitoring-platform/pkg/grpc/monitoring.pb.go:457.2,457.12 1 0
github.com/mdemidenko/monitoring-platform/pkg/grpc/monitoring.pb.go:467.46,472.2 4 0
github.com/mdemidenko/monitoring-platform/pkg/grpc/monitoring.pb.go:474.54,476.2 1 0
github.com/mdemidenko/monitoring-platform/pkg/grpc/monitoring.pb.go:478.52,478.53 0 0
github.com/mdemidenko/monitoring-platform/pkg/grpc/monitoring.pb.go:480.74,482.14 2 0
github.com/mdemidenko/monitoring-platform/pkg/grpc/monitoring.pb.go:482.14,484.34 2 0
github.com/mdemidenko/monitoring-platform/pkg/grpc/monitoring.pb.go:484.34,486.4 1 0
github.com/mdemidenko/monitoring-platform/pkg/grpc/monitoring.pb.go:487.3,487.12 1 0
github.com/mdemidenko/monitoring-platform/pkg/grpc/monitoring.pb.go:489.2,489.24 1 0
github.com/mdemidenko/monitoring-platform/pkg/grpc/monitoring.pb.go:493.65,495.2 1 0
github.com/mdemidenko/monitoring-platform/pkg/grpc/monitoring.pb.go:497.59,498.14 1 0
github.com/mdemidenko/monitoring-platform/pkg/grpc/monitoring.pb.go:498.14,500.3 1 0
github.com/mdemidenko/monitoring-platform/pkg/grpc/monitoring.pb.go:501.2,501.10 1 0
github.com/mdemidenko/monitoring-platform/pkg/grpc/monitoring.pb.go:512.40,517.2 4 0
github.com/mdemidenko/monitoring-platform/pkg/grpc/monitoring.pb.go:519.48,521.2 1 0
github.com/mdemidenko/monitoring-platform/pkg/grpc/monitoring.pb.go:523.46,523.47 0 0
github.com/mdemidenko/monitoring-platform/pkg/grpc/monitoring.pb.go:525.68,527.14 2 0
github.com/mdemidenko/monitoring-platform/pkg/grpc/monitoring.pb.go:527.14,529.34 2 0
github.com/mdemidenko/monitoring-platform/pkg/grpc/monitoring.pb.go:529.34,531.4 1 0
github.com/mdemidenko/monitoring-platform/pkg/grpc/monitoring.pb.go:532.3,532.12 1 0
github.com/mdemidenko/monitoring-platform/pkg/grpc/monitoring.pb.go:534.2,534.24 1 0
github.com/mdemidenko/monitoring-platform/pkg/grpc/monitoring.pb.go:538.59,540.2 1 0
github.com/mdemidenko/monitoring-platform/pkg/grpc/monitoring.pb.go:542.75,543.14 1 0
github.com/mdemidenko/monitoring-platform/pkg/grpc/monitoring.pb.go:543.14,545.3 1 0
github.com/mdemidenko/monitoring-platform/pkg/grpc/monitoring.pb.go:546.2,546.12 1 0
github.com/mdemidenko/monitoring-platform/pkg/grpc/monitoring.pb.go:549.49,550.14 1 0
github.com/mdemidenko/monitoring-platform/pkg/grpc/monitoring.pb.go:550.14,552.3 1 0
github.com/mdemidenko/monitoring-platform/pkg/grpc/monitoring.pb.go:553.2,553.10 1 0
github.com/mdemidenko/monitoring-platform/pkg/grpc/monitoring.pb.go:568.27,573.2 4 0
github.com/mdemidenko/monitoring-platform/pkg/grpc/monitoring.pb.go:575.35,577.2 1 0
github.com/mdemidenko/monitoring-platform/pkg/grpc/monitoring.pb.go:579.33,579.34 0 0
github.com/mdemidenko/monitoring-platform/pkg/grpc/monitoring.pb.go:581.55,583.14 2 0
github.com/mdemidenko/monitoring-platform/pkg/grpc/monitoring.pb.go:583.14,585.34 2 0
github.com/mdemidenko/monitoring-platform/pkg/grpc/monitoring.pb.go:585.34,587.4 1 0
github.com/mdemidenko/monitoring-platform/pkg/grpc/monitoring.pb.go:588.3,588.12 1 0
github.com/mdemidenko/monitoring-platform/pkg/grpc/monitoring.pb.go:590.2,590.24 1 0
github.com/mdemidenko/monitoring-platform/pkg/grpc/monitoring.pb.go:594.46,596.2 1 0
github.com/mdemidenko/monitoring-platform/pkg/grpc/monitoring.pb.go:598.33,599.14 1 0
github.com/mdemidenko/monitoring-platform/pkg/grpc/monitoring.pb.go:599.14,601.3 1 0
github.com/mdemidenko/monitoring-platform/pkg/grpc/monitoring.pb.go:602.2,602.10 1 0
github.com/mdemidenko/monitoring-platform/pkg/grpc/monitoring.pb.go:605.36,606.14 1 0
github.com/mdemidenko/monitoring-platform/pkg/grpc/monitoring.pb.go:606.14,608.3 1 0
github.com/mdemidenko/monitoring-platform/pkg/grpc/monitoring.pb.go:609.2,609.11 1 0
github.com/mdemidenko/monitoring-platform/pkg/grpc/monitoring.pb.go:612.38,613.14 1 0
github.com/mdemidenko/monitoring-platform/pkg/grpc/monitoring.pb.go:613.14,615.3 1 0
github.com/mdemidenko/monitoring-platform/pkg/grpc/monitoring.pb.go:616.2,616.11 1 0
github.com/mdemidenko/monitoring-platform/pkg/grpc/monitoring.pb.go:619.46,620.14 1 0
github.com/mdemidenko/monitoring-platform/pkg/grpc/monitoring.pb.go:620.14,622.3 1 0
github.com/mdemidenko/monitoring-platform/pkg/grpc/monitoring.pb.go:623.2,623.11 1 0
github.com/mdemidenko/monitoring-platform/pkg/grpc/monitoring.pb.go:626.44,627.14 1 0
github.com/mdemidenko/monitoring-platform/pkg/grpc/monitoring.pb.go:627.14,629.3 1 0
github.com/mdemidenko/monitoring-platform/pkg/grpc/monitoring.pb.go:630.2,630.11 1 0
github.com/mdemidenko/monitoring-platform/pkg/grpc/monitoring.pb.go:642.35,647.2 4 0
github.com/mdemidenko/monitoring-platform/pkg/grpc/monitoring.pb.go:649.43,651.2 1 0
github.com/mdemidenko/monitoring-platform/pkg/grpc/monitoring.pb.go:653.41,653.42 0 0
github.com/mdemidenko/monitoring-platform/pkg/grpc/monitoring.pb.go:655.63,657.14 2 0
github.com/mdemidenko/monitoring-platform/pkg/grpc/monitoring.pb.go:657.14,659.34 2 0
github.com/mdemidenko/monitoring-platform/pkg/grpc/monitoring.pb.go:659.34,661.4 1 0
github.com/mdemidenko/monitoring-platform/pkg/grpc/monitoring.pb.go:662.3,662.12 1 0
github.com/mdemidenko/monitoring-platform/pkg/grpc/monitoring.pb.go:664.2,664.24 1 0
github.com/mdemidenko/monitoring-platform/pkg/grpc/monitoring.pb.go:668.54,670.2 1 0
github.com/mdemidenko/monitoring-platform/pkg/grpc/monitoring.pb.go:672.45,673.14 1 0
github.com/mdemidenko/monitoring-platform/pkg/grpc/monitoring.pb.go:673.14,675.3 1 0
github.com/mdemidenko/monitoring-platform/pkg/grpc/monitoring.pb.go:676.2,676.14 1 0
github.com/mdemidenko/monitoring-platform/pkg/grpc/monitoring.pb.go:679.47,680.14 1 0
github.com/mdemidenko/monitoring-platform/pkg/grpc/monitoring.pb.go:680.14,682.3 1 0
github.com/mdemidenko/monitoring-platform/pkg/grpc/monitoring.pb.go:683.2,683.11 1 0
github.com/mdemidenko/monitoring-platform/pkg/grpc/monitoring.pb.go:686.46,687.14 1 0
github.com/mdemidenko/monitoring-platform/pkg/grpc/monitoring.pb.go:687.14,689.3 1 0
github.com/mdemidenko/monitoring-platform/pkg/grpc/monitoring.pb.go:690.2,690.12 1 0
github.com/mdemidenko/monitoring-platform/pkg/grpc/monitoring.pb.go:700.37,705.2 4 0
github.com/mdemidenko/monitoring-platform/pkg/grpc/monitoring.pb.go:707.45,709.2 1 0
github.com/mdemidenko/monitoring-platform/pkg/grpc/monitoring.pb.go:711.43,711.44 0 0
github.com/mdemidenko/monitoring-platform/pkg/grpc/monitoring.pb.go:713.65,715.14 2 0
github.com/mdemidenko/monitoring-platform/pkg/grpc/monitoring.pb.go:715.14,717.34 2 0
github.com/mdemidenko/monitoring-platform/pkg/grpc/monitoring.pb.go:717.34,719.4 1 0
github.com/mdemidenko/monitoring-platform/pkg/grpc/monitoring.pb.go:720.3,720.12 1 0
github.com/mdemidenko/monitoring-platform/pkg/grpc/monitoring.pb.go:722.2,722.24 1 0
github.com/mdemidenko/monitoring-platform/pkg/grpc/monitoring.pb.go:726.56,728.2 1 0
github.com/mdemidenko/monitoring-platform/pkg/grpc/monitoring.pb.go:730.43,731.14 1 0
github.com/mdemidenko/monitoring-platform/pkg/grpc/monitoring.pb.go:731.14,733.3 1 0
github.com/mdemidenko/monitoring-platform/pkg/grpc/monitoring.pb.go:734.2,734.10 1 0
github.com/mdemidenko/monitoring-platform/pkg/grpc/monitoring.pb.go:745.31,750.2 4 0
github.com/mdemidenko/monitoring-platform/pkg/grpc/monitoring.pb.go:752.39,754.2 1 0
github.com/mdemidenko/monitoring-platform/pkg/grpc/monitoring.pb.go:756.37,756.38 0 0
github.com/mdemidenko/monitoring-platform/pkg/grpc/monitoring.pb.go:758.59,760.14 2 0
github.com/mdemidenko/monitoring-platform/pkg/grpc/monitoring.pb.go:760.14,762.34 2 0
github.com/mdemidenko/monitoring-platform/pkg/grpc/monitoring.pb.go:762.34,764.4 1 0
github.com/mdemidenko/monitoring-platform/pkg/grpc/monitoring.pb.go:765.3,765.12 1 0
github.com/mdemidenko/monitoring-platform/pkg/grpc/monitoring.pb.go:767.2,767.24 1 0
github.com/mdemidenko/monitoring-platform/pkg/grpc/monitoring.pb.go:771.50,773.2 1 0
github.com/mdemidenko/monitoring-platform/pkg/grpc/monitoring.pb.go:775.48,776.14 1 0
github.com/mdemidenko/monitoring-platform/pkg/grpc/monitoring.pb.go:776.14,778.3 1 0
github.com/mdemidenko/monitoring-platform/pkg/grpc/monitoring.pb.go:779.2,779.12 1 0
github.com/mdemidenko/monitoring-platform/pkg/grpc/monitoring.pb.go:782.40,783.14 1 0
github.com/mdemidenko/monitoring-platform/pkg/grpc/monitoring.pb.go:783.14,785.3 1 0
github.com/mdemidenko/monitoring-platform/pkg/grpc/monitoring.pb.go:786.2,786.10 1 0
github.com/mdemidenko/monitoring-platform/pkg/grpc/monitoring.pb.go:799.26,804.2 4 0
github.com/mdemidenko/monitoring-platform/pkg/grpc/monitoring.pb.go:806.34,808.2 1 0
github.com/mdemidenko/monitoring-platform/pkg/grpc/monitoring.pb.go:810.32,810.33 0 0
github.com/mdemidenko/monitoring-platform/pkg/grpc/monitoring.pb.go:812.54,814.14 2 0
github.com/mdemidenko/monitoring-platform/pkg/grpc/monitoring.pb.go:814.14,816.34 2 0
github.com/mdemidenko/monitoring-platform/pkg/grpc/monitoring.pb.go:816.34,818.4 1 0
github.com/mdemidenko/monitoring-platform/pkg/grpc/monitoring.pb.go:819.3,819.12 1 0
github.com/mdemidenko/monitoring-platform/pkg/grpc/monitoring.pb.go:821.2,821.24 1 0
github.com/mdemidenko/monitoring-platform/pkg/grpc/monitoring.pb.go:825.45,827.2 1 0
github.com/mdemidenko/monitoring-platform/pkg/grpc/monitoring.pb.go:829.32,830.14 1 0
github.com/mdemidenko/monitoring-platform/pkg/grpc/monitoring.pb.go:830.14,832.3 1 0
github.com/mdemidenko/monitoring-platform/pkg/grpc/monitoring.pb.go:833.2,833.10 1 0
github.com/mdemidenko/monitoring-platform/pkg/grpc/monitoring.pb.go:836.35,837.14 1 0
github.com/mdemidenko/monitoring-platform/pkg/grpc/monitoring.pb.go:837.14,839.3 1 0
github.com/mdemidenko/monitoring-platform/pkg/grpc/monitoring.pb.go:840.2,840.11 1 0
github.com/mdemidenko/monitoring-platform/pkg/grpc/monitoring.pb.go:843.37,844.14 1 0
github.com/mdemidenko/monitoring-platform/pkg/grpc/monitoring.pb.go:844.14,846.3 1 0
github.com/mdemidenko/monitoring-platform/pkg/grpc/monitoring.pb.go:847.2,847.11 1 0
github.com/mdemidenko/monitoring-platform/pkg/grpc/monitoring.pb.go:859.34,864.2 4 0
github.com/mdemidenko/monitoring-platform/pkg/grpc/monitoring.pb.go:866.42,868.2 1 0
github.com/mdemidenko/monitoring-platform/pkg/grpc/monitoring.pb.go:870.40,870.41 0 0
github.com/mdemidenko/monitoring-platform/pkg/grpc/monitoring.pb.go:872.62,874.14 2 0
github.com/mdemidenko/monitoring-platform/pkg/grpc/monitoring.pb.go:874.14,876.34 2 0
github.com/mdemidenko/monitoring-platform/pkg/grpc/monitoring.pb.go:876.34,878.4 1 0
github.com/mdemidenko/monitoring-platform/pkg/grpc/monitoring.pb.go:879.3,879.12 1 0
github.com/mdemidenko/monitoring-platform/pkg/grpc/monitoring.pb.go:881.2,881.24 1 0
github.com/mdemidenko/monitoring-platform/pkg/grpc/monitoring.pb.go:885.53,887.2 1 0
github.com/mdemidenko/monitoring-platform/pkg/grpc/monitoring.pb.go:889.44,890.14 1 0
github.com/mdemidenko/monitoring-platform/pkg/grpc/monitoring.pb.go:890.14,892.3 1 0
github.com/mdemidenko/monitoring-platform/pkg/grpc/monitoring.pb.go:893.2,893.14 1 0
github.com/mdemidenko/monitoring-platform/pkg/grpc/monitoring.pb.go:896.46,897.14 1 0
github.com/mdemidenko/monitoring-platform/pkg/grpc/monitoring.pb.go:897.14,899.3 1 0
github.com/mdemidenko/monitoring-platform/pkg/grpc/monitoring.pb.go:900.2,900.11 1 0
github.com/mdemidenko/monitoring-platform/pkg/grpc/monitoring.pb.go:903.44,904.14 1 0
github.com/mdemidenko/monitoring-platform/pkg/grpc/monitoring.pb.go:904.14,906.3 1 0
github.com/mdemidenko/monitoring-platform/pkg/grpc/monitoring.pb.go:907.2,907.12 1 0
github.com/mdemidenko/monitoring-platform/pkg/grpc/monitoring.pb.go:917.36,922.2 4 0
github.com/mdemidenko/monitoring-platform/pkg/grpc/monitoring.pb.go:924.44,926.2 1 0
github.com/mdemidenko/monitoring-platform/pkg/grpc/monitoring.pb.go:928.42,928.43 0 0
github.com/mdemidenko/monitoring-platform/pkg/grpc/monitoring.pb.go:930.64,932.14 2 0
github.com/mdemidenko/monitoring-platform/pkg/grpc/monitoring.pb.go:932.14,934.34 2 0
github.com/mdemidenko/monitoring-platform/pkg/grpc/monitoring.pb.go:934.34,936.4 1 0
[...]
github.com/mdemidenko/monitoring-platform/pkg/grpc/monitoring.pb.go:1120.43,1121.14 1 0
github.com/mdemidenko/monitoring-platform/pkg/grpc/monitoring.pb.go:1121.14,1123.3 1 0
github.com/mdemidenko/monitoring-platform/pkg/grpc/monitoring.pb.go:1124.2,1124.11 1 0
github.com/mdemidenko/monitoring-platform/pkg/grpc/monitoring.pb.go:1136.36,1141.2 4 0
github.com/mdemidenko/monitoring-platform/pkg/grpc/monitoring.pb.go:1143.44,1145.2 1 0
github.com/mdemidenko/monitoring-platform/pkg/grpc/monitoring.pb.go:1147.42,1147.43 0 0
github.com/mdemidenko/monitoring-platform/pkg/grpc/monitoring.pb.go:1149.64,1151.14 2 0
github.com/mdemidenko/monitoring-platform/pkg/grpc/monitoring.pb.go:1151.14,1153.34 2 0
github.com/mdemidenko/monitoring-platform/pkg/grpc/monitoring.pb.go:1153.34,1155.4 1 0
github.com/mdemidenko/monitoring-platform/pkg/grpc/monitoring.pb.go:1156.3,1156.12 1 0
github.com/mdemidenko/monitoring-platform/pkg/grpc/monitoring.pb.go:1158.2,1158.24 1 0
github.com/mdemidenko/monitoring-platform/pkg/grpc/monitoring.pb.go:1162.55,1164.2 1 0
github.com/mdemidenko/monitoring-platform/pkg/grpc/monitoring.pb.go:1166.57,1167.14 1 0
github.com/mdemidenko/monitoring-platform/pkg/grpc/monitoring.pb.go:1167.14,1169.3 1 0
github.com/mdemidenko/monitoring-platform/pkg/grpc/monitoring.pb.go:1170.2,1170.12 1 0
github.com/mdemidenko/monitoring-platform/pkg/grpc/monitoring.pb.go:1173.50,1174.14 1 0
github.com/mdemidenko/monitoring-platform/pkg/grpc/monitoring.pb.go:1174.14,1176.3 1 0
github.com/mdemidenko/monitoring-platform/pkg/grpc/monitoring.pb.go:1177.2,1177.10 1 0
github.com/mdemidenko/monitoring-platform/pkg/grpc/monitoring.pb.go:1180.47,1181.14 1 0
github.com/mdemidenko/monitoring-platform/pkg/grpc/monitoring.pb.go:1181.14,1183.3 1 0
github.com/mdemidenko/monitoring-platform/pkg/grpc/monitoring.pb.go:1184.2,1184.10 1 0
github.com/mdemidenko/monitoring-platform/pkg/grpc/monitoring.pb.go:1198.37,1203.2 4 0
github.com/mdemidenko/monitoring-platform/pkg/grpc/monitoring.pb.go:1205.45,1207.2 1 0
github.com/mdemidenko/monitoring-platform/pkg/grpc/monitoring.pb.go:1209.43,1209.44 0 0
github.com/mdemidenko/monitoring-platform/pkg/grpc/monitoring.pb.go:1211.65,1213.14 2 0
github.com/mdemidenko/monitoring-platform/pkg/grpc/monitoring.pb.go:1213.14,1215.34 2 0
github.com/mdemidenko/monitoring-platform/pkg/grpc/monitoring.pb.go:1215.34,1217.4 1 0
github.com/mdemidenko/monitoring-platform/pkg/grpc/monitoring.pb.go:1218.3,1218.12 1 0
github.com/mdemidenko/monitoring-platform/pkg/grpc/monitoring.pb.go:1220.2,1220.24 1 0
github.com/mdemidenko/monitoring-platform/pkg/grpc/monitoring.pb.go:1224.56,1226.2 1 0
github.com/mdemidenko/monitoring-platform/pkg/grpc/monitoring.pb.go:1228.47,1229.14 1 0
github.com/mdemidenko/monitoring-platform/pkg/grpc/monitoring.pb.go:1229.14,1231.3 1 0
github.com/mdemidenko/monitoring-platform/pkg/grpc/monitoring.pb.go:1232.2,1232.14 1 0
github.com/mdemidenko/monitoring-platform/pkg/grpc/monitoring.pb.go:1235.49,1236.14 1 0
github.com/mdemidenko/monitoring-platform/pkg/grpc/monitoring.pb.go:1236.14,1238.3 1 0
github.com/mdemidenko/monitoring-platform/pkg/grpc/monitoring.pb.go:1239.2,1239.11 1 0
github.com/mdemidenko/monitoring-platform/pkg/grpc/monitoring.pb.go:1242.46,1243.14 1 0
github.com/mdemidenko/monitoring-platform/pkg/grpc/monitoring.pb.go:1243.14,1245.3 1 0
github.com/mdemidenko/monitoring-platform/pkg/grpc/monitoring.pb.go:1246.2,1246.10 1 0
github.com/mdemidenko/monitoring-platform/pkg/grpc/monitoring.pb.go:1249.53,1250.14 1 0
github.com/mdemidenko/monitoring-platform/pkg/grpc/monitoring.pb.go:1250.14,1252.3 1 0
github.com/mdemidenko/monitoring-platform/pkg/grpc/monitoring.pb.go:1253.2,1253.10 1 0
github.com/mdemidenko/monitoring-platform/pkg/grpc/monitoring.pb.go:1256.51,1257.14 1 0
github.com/mdemidenko/monitoring-platform/pkg/grpc/monitoring.pb.go:1257.14,1259.3 1 0
github.com/mdemidenko/monitoring-platform/pkg/grpc/monitoring.pb.go:1260.2,1260.10 1 0
github.com/mdemidenko/monitoring-platform/pkg/grpc/monitoring.pb.go:1377.49,1378.46 1 0
github.com/mdemidenko/monitoring-platform/pkg/grpc/monitoring.pb.go:1378.46,1380.3 1 0
github.com/mdemidenko/monitoring-platform/pkg/grpc/monitoring.pb.go:1381.2,1381.42 1 0
github.com/mdemidenko/monitoring-platform/pkg/grpc/monitoring.pb.go:1457.13,1457.45 1 0
github.com/mdemidenko/monitoring-platform/pkg/grpc/monitoring.pb.go:1458.35,1459.34 1 0
github.com/mdemidenko/monitoring-platform/pkg/grpc/monitoring.pb.go:1459.34,1461.3 1 0
github.com/mdemidenko/monitoring-platform/pkg/grpc/monitoring.pb.go:1462.2,1478.37 5 0
github.com/mdemidenko/monitoring-platform/pkg/grpc/monitoring_grpc.pb.go:73.86,75.2 1 0
github.com/mdemidenko/monitoring-platform/pkg/grpc/monitoring_grpc.pb.go:77.129,81.16 4 0
github.com/mdemidenko/monitoring-platform/pkg/grpc/monitoring_grpc.pb.go:81.16,83.3 1 0
github.com/mdemidenko/monitoring-platform/pkg/grpc/monitoring_grpc.pb.go:84.2,84.17 1 0
github.com/mdemidenko/monitoring-platform/pkg/grpc/monitoring_grpc.pb.go:87.149,91.16 4 0
github.com/mdemidenko/monitoring-platform/pkg/grpc/monitoring_grpc.pb.go:91.16,93.3 1 0
github.com/mdemidenko/monitoring-platform/pkg/grpc/monitoring_grpc.pb.go:94.2,94.17 1 0
github.com/mdemidenko/monitoring-platform/pkg/grpc/monitoring_grpc.pb.go:97.148,101.16 4 0
github.com/mdemidenko/monitoring-platform/pkg/grpc/monitoring_grpc.pb.go:101.16,103.3 1 0
github.com/mdemidenko/monitoring-platform/pkg/grpc/monitoring_grpc.pb.go:104.2,104.17 1 0
github.com/mdemidenko/monitoring-platform/pkg/grpc/monitoring_grpc.pb.go:107.145,111.16 4 0
github.com/mdemidenko/monitoring-platform/pkg/grpc/monitoring_grpc.pb.go:111.16,113.3 1 0
github.com/mdemidenko/monitoring-platform/pkg/grpc/monitoring_grpc.pb.go:114.2,114.17 1 0
github.com/mdemidenko/monitoring-platform/pkg/grpc/monitoring_grpc.pb.go:117.161,121.16 4 0
github.com/mdemidenko/monitoring-platform/pkg/grpc/monitoring_grpc.pb.go:121.16,123.3 1 0
github.com/mdemidenko/monitoring-platform/pkg/grpc/monitoring_grpc.pb.go:124.2,124.17 1 0
github.com/mdemidenko/monitoring-platform/pkg/grpc/monitoring_grpc.pb.go:127.160,131.16 4 0
github.com/mdemidenko/monitoring-platform/pkg/grpc/monitoring_grpc.pb.go:131.16,133.3 1 0
github.com/mdemidenko/monitoring-platform/pkg/grpc/monitoring_grpc.pb.go:134.2,134.17 1 0
github.com/mdemidenko/monitoring-platform/pkg/grpc/monitoring_grpc.pb.go:137.153,141.16 4 0
github.com/mdemidenko/monitoring-platform/pkg/grpc/monitoring_grpc.pb.go:141.16,143.3 1 0
github.com/mdemidenko/monitoring-platform/pkg/grpc/monitoring_grpc.pb.go:144.2,144.17 1 0
github.com/mdemidenko/monitoring-platform/pkg/grpc/monitoring_grpc.pb.go:147.134,151.16 4 0
github.com/mdemidenko/monitoring-platform/pkg/grpc/monitoring_grpc.pb.go:151.16,153.3 1 0
github.com/mdemidenko/monitoring-platform/pkg/grpc/monitoring_grpc.pb.go:154.2,154.17 1 0
github.com/mdemidenko/monitoring-platform/pkg/grpc/monitoring_grpc.pb.go:157.133,161.16 4 0
github.com/mdemidenko/monitoring-platform/pkg/grpc/monitoring_grpc.pb.go:161.16,163.3 1 0
github.com/mdemidenko/monitoring-platform/pkg/grpc/monitoring_grpc.pb.go:164.2,164.17 1 0
github.com/mdemidenko/monitoring-platform/pkg/grpc/monitoring_grpc.pb.go:167.135,171.16 4 0
github.com/mdemidenko/monitoring-platform/pkg/grpc/monitoring_grpc.pb.go:171.16,173.3 1 0
github.com/mdemidenko/monitoring-platform/pkg/grpc/monitoring_grpc.pb.go:174.2,174.17 1 0
github.com/mdemidenko/monitoring-platform/pkg/grpc/monitoring_grpc.pb.go:177.131,181.16 4 0
github.com/mdemidenko/monitoring-platform/pkg/grpc/monitoring_grpc.pb.go:181.16,183.3 1 0
github.com/mdemidenko/monitoring-platform/pkg/grpc/monitoring_grpc.pb.go:184.2,184.17 1 0
github.com/mdemidenko/monitoring-platform/pkg/grpc/monitoring_grpc.pb.go:187.130,191.16 4 0
github.com/mdemidenko/monitoring-platform/pkg/grpc/monitoring_grpc.pb.go:191.16,193.3 1 0
github.com/mdemidenko/monitoring-platform/pkg/grpc/monitoring_grpc.pb.go:194.2,194.17 1 0
github.com/mdemidenko/monitoring-platform/pkg/grpc/monitoring_grpc.pb.go:197.133,201.16 4 0
github.com/mdemidenko/monitoring-platform/pkg/grpc/monitoring_grpc.pb.go:201.16,203.3 1 0
github.com/mdemidenko/monitoring-platform/pkg/grpc/monitoring_grpc.pb.go:204.2,204.17 1 0
github.com/mdemidenko/monitoring-platform/pkg/grpc/monitoring_grpc.pb.go:207.138,211.16 4 0
github.com/mdemidenko/monitoring-platform/pkg/grpc/monitoring_grpc.pb.go:211.16,213.3 1 0
github.com/mdemidenko/monitoring-platform/pkg/grpc/monitoring_grpc.pb.go:214.2,214.17 1 0
github.com/mdemidenko/monitoring-platform/pkg/grpc/monitoring_grpc.pb.go:217.141,221.16 4 0
github.com/mdemidenko/monitoring-platform/pkg/grpc/monitoring_grpc.pb.go:221.16,223.3 1 0
github.com/mdemidenko/monitoring-platform/pkg/grpc/monitoring_grpc.pb.go:224.2,224.17 1 0
github.com/mdemidenko/monitoring-platform/pkg/grpc/monitoring_grpc.pb.go:264.107,266.2 1 0
github.com/mdemidenko/monitoring-platform/pkg/grpc/monitoring_grpc.pb.go:267.127,269.2 1 0
github.com/mdemidenko/monitoring-platform/pkg/grpc/monitoring_grpc.pb.go:270.126,272.2 1 0
github.com/mdemidenko/monitoring-platform/pkg/grpc/monitoring_grpc.pb.go:273.123,275.2 1 0
github.com/mdemidenko/monitoring-platform/pkg/grpc/monitoring_grpc.pb.go:276.139,278.2 1 0
github.com/mdemidenko/monitoring-platform/pkg/grpc/monitoring_grpc.pb.go:279.138,281.2 1 0
github.com/mdemidenko/monitoring-platform/pkg/grpc/monitoring_grpc.pb.go:282.131,284.2 1 0
github.com/mdemidenko/monitoring-platform/pkg/grpc/monitoring_grpc.pb.go:285.112,287.2 1 0
github.com/mdemidenko/monitoring-platform/pkg/grpc/monitoring_grpc.pb.go:288.111,290.2 1 0
github.com/mdemidenko/monitoring-platform/pkg/grpc/monitoring_grpc.pb.go:291.113,293.2 1 0
github.com/mdemidenko/monitoring-platform/pkg/grpc/monitoring_grpc.pb.go:294.109,296.2 1 0
github.com/mdemidenko/monitoring-platform/pkg/grpc/monitoring_grpc.pb.go:297.108,299.2 1 0
github.com/mdemidenko/monitoring-platform/pkg/grpc/monitoring_grpc.pb.go:300.111,302.2 1 0
github.com/mdemidenko/monitoring-platform/pkg/grpc/monitoring_grpc.pb.go:303.116,305.2 1 0
github.com/mdemidenko/monitoring-platform/pkg/grpc/monitoring_grpc.pb.go:306.119,308.2 1 0
github.com/mdemidenko/monitoring-platform/pkg/grpc/monitoring_grpc.pb.go:309.94,309.95 0 0
github.com/mdemidenko/monitoring-platform/pkg/grpc/monitoring_grpc.pb.go:310.94,310.95 0 0
github.com/mdemidenko/monitoring-platform/pkg/grpc/monitoring_grpc.pb.go:319.92,324.59 1 0
github.com/mdemidenko/monitoring-platform/pkg/grpc/monitoring_grpc.pb.go:324.59,326.3 1 0
github.com/mdemidenko/monitoring-platform/pkg/grpc/monitoring_grpc.pb.go:327.2,327.56 1 0
github.com/mdemidenko/monitoring-platform/pkg/grpc/monitoring_grpc.pb.go:330.168,332.32 2 0
github.com/mdemidenko/monitoring-platform/pkg/grpc/monitoring_grpc.pb.go:332.32,334.3 1 0
github.com/mdemidenko/monitoring-platform/pkg/grpc/monitoring_grpc.pb.go:335.2,335.24 1 0
github.com/mdemidenko/monitoring-platform/pkg/grpc/monitoring_grpc.pb.go:335.24,337.3 1 0
github.com/mdemidenko/monitoring-platform/pkg/grpc/monitoring_grpc.pb.go:338.2,342.77 2 0
github.com/mdemidenko/monitoring-platform/pkg/grpc/monitoring_grpc.pb.go:342.77,344.3 1 0
github.com/mdemidenko/monitoring-platform/pkg/grpc/monitoring_grpc.pb.go:345.2,345.44 1 0
github.com/mdemidenko/monitoring-platform/pkg/grpc/monitoring_grpc.pb.go:348.181,350.32 2 0
github.com/mdemidenko/monitoring-platform/pkg/grpc/monitoring_grpc.pb.go:350.32,352.3 1 0
github.com/mdemidenko/monitoring-platform/pkg/grpc/monitoring_grpc.pb.go:353.2,353.24 1 0
github.com/mdemidenko/monitoring-platform/pkg/grpc/monitoring_grpc.pb.go:353.24,355.3 1 0
github.com/mdemidenko/monitoring-platform/pkg/grpc/monitoring_grpc.pb.go:356.2,360.77 2 0
github.com/mdemidenko/monitoring-platform/pkg/grpc/monitoring_grpc.pb.go:360.77,362.3 1 0
github.com/mdemidenko/monitoring-platform/pkg/grpc/monitoring_grpc.pb.go:363.2,363.44 1 0
github.com/mdemidenko/monitoring-platform/pkg/grpc/monitoring_grpc.pb.go:366.178,368.32 2 0
github.com/mdemidenko/monitoring-platform/pkg/grpc/monitoring_grpc.pb.go:368.32,370.3 1 0
github.com/mdemidenko/monitoring-platform/pkg/grpc/monitoring_grpc.pb.go:371.2,371.24 1 0
github.com/mdemidenko/monitoring-platform/pkg/grpc/monitoring_grpc.pb.go:371.24,373.3 1 0
github.com/mdemidenko/monitoring-platform/pkg/grpc/monitoring_grpc.pb.go:374.2,378.77 2 0
github.com/mdemidenko/monitoring-platform/pkg/grpc/monitoring_grpc.pb.go:378.77,380.3 1 0
github.com/mdemidenko/monitoring-platform/pkg/grpc/monitoring_grpc.pb.go:381.2,381.44 1 0
github.com/mdemidenko/monitoring-platform/pkg/grpc/monitoring_grpc.pb.go:384.180,386.32 2 0
github.com/mdemidenko/monitoring-platform/pkg/grpc/monitoring_grpc.pb.go:386.32,388.3 1 0
github.com/mdemidenko/monitoring-platform/pkg/grpc/monitoring_grpc.pb.go:389.2,389.24 1 0
github.com/mdemidenko/monitoring-platform/pkg/grpc/monitoring_grpc.pb.go:389.24,391.3 1 0
github.com/mdemidenko/monitoring-platform/pkg/grpc/monitoring_grpc.pb.go:392.2,396.77 2 0
github.com/mdemidenko/monitoring-platform/pkg/grpc/monitoring_grpc.pb.go:396.77,398.3 1 0
github.com/mdemidenko/monitoring-platform/pkg/grpc/monitoring_grpc.pb.go:399.2,399.44 1 0
github.com/mdemidenko/monitoring-platform/pkg/grpc/monitoring_grpc.pb.go:402.185,404.32 2 0
github.com/mdemidenko/monitoring-platform/pkg/grpc/monitoring_grpc.pb.go:404.32,406.3 1 0
github.com/mdemidenko/monitoring-platform/pkg/grpc/monitoring_grpc.pb.go:407.2,407.24 1 0
github.com/mdemidenko/monitoring-platform/pkg/grpc/monitoring_grpc.pb.go:407.24,409.3 1 0
github.com/mdemidenko/monitoring-platform/pkg/grpc/monitoring_grpc.pb.go:410.2,414.77 2 0
github.com/mdemidenko/monitoring-platform/pkg/grpc/monitoring_grpc.pb.go:414.77,416.3 1 0
github.com/mdemidenko/monitoring-platform/pkg/grpc/monitoring_grpc.pb.go:417.2,417.44 1 0
github.com/mdemidenko/monitoring-platform/pkg/grpc/monitoring_grpc.pb.go:420.182,422.32 2 0
github.com/mdemidenko/monitoring-platform/pkg/grpc/monitoring_grpc.pb.go:422.32,424.3 1 0
github.com/mdemidenko/monitoring-platform/pkg/grpc/monitoring_grpc.pb.go:425.2,425.24 1 0
github.com/mdemidenko/monitoring-platform/pkg/grpc/monitoring_grpc.pb.go:425.24,427.3 1 0
github.com/mdemidenko/monitoring-platform/pkg/grpc/monitoring_grpc.pb.go:428.2,432.77 2 0
github.com/mdemidenko/monitoring-platform/pkg/grpc/monitoring_grpc.pb.go:432.77,434.3 1 0
github.com/mdemidenko/monitoring-platform/pkg/grpc/monitoring_grpc.pb.go:435.2,435.44 1 0
github.com/mdemidenko/monitoring-platform/pkg/grpc/monitoring_grpc.pb.go:438.184,440.32 2 0
github.com/mdemidenko/monitoring-platform/pkg/grpc/monitoring_grpc.pb.go:440.32,442.3 1 0
github.com/mdemidenko/monitoring-platform/pkg/grpc/monitoring_grpc.pb.go:443.2,443.24 1 0
github.com/mdemidenko/monitoring-platform/pkg/grpc/monitoring_grpc.pb.go:443.24,445.3 1 0
github.com/mdemidenko/monitoring-platform/pkg/grpc/monitoring_grpc.pb.go:446.2,450.77 2 0
github.com/mdemidenko/monitoring-platform/pkg/grpc/monitoring_grpc.pb.go:450.77,452.3 1 0
github.com/mdemidenko/monitoring-platform/pkg/grpc/monitoring_grpc.pb.go:453.2,453.44 1 0
github.com/mdemidenko/monitoring-platform/pkg/grpc/monitoring_grpc.pb.go:456.176,458.32 2 0
github.com/mdemidenko/monitoring-platform/pkg/grpc/monitoring_grpc.pb.go:458.32,460.3 1 0
github.com/mdemidenko/monitoring-platform/pkg/grpc/monitoring_grpc.pb.go:461.2,461.24 1 0
github.com/mdemidenko/monitoring-platform/pkg/grpc/monitoring_grpc.pb.go:461.24,463.3 1 0
github.com/mdemidenko/monitoring-platform/pkg/grpc/monitoring_grpc.pb.go:464.2,468.77 2 0
github.com/mdemidenko/monitoring-platform/pkg/grpc/monitoring_grpc.pb.go:468.77,470.3 1 0
github.com/mdemidenko/monitoring-platform/pkg/grpc/monitoring_grpc.pb.go:471.2,471.44 1 0
github.com/mdemidenko/monitoring-platform/pkg/grpc/monitoring_grpc.pb.go:474.173,476.32 2 0
github.com/mdemidenko/monitoring-platform/pkg/grpc/monitoring_grpc.pb.go:476.32,478.3 1 0
github.com/mdemidenko/monitoring-platform/pkg/grpc/monitoring_grpc.pb.go:479.2,479.24 1 0
github.com/mdemidenko/monitoring-platform/pkg/grpc/monitoring_grpc.pb.go:479.24,481.3 1 0
github.com/mdemidenko/monitoring-platform/pkg/grpc/monitoring_grpc.pb.go:482.2,486.77 2 0
github.com/mdemidenko/monitoring-platform/pkg/grpc/monitoring_grpc.pb.go:486.77,488.3 1 0
github.com/mdemidenko/monitoring-platform/pkg/grpc/monitoring_grpc.pb.go:489.2,489.44 1 0
github.com/mdemidenko/monitoring-platform/pkg/grpc/monitoring_grpc.pb.go:492.175,494.32 2 0
github.com/mdemidenko/monitoring-platform/pkg/grpc/monitoring_grpc.pb.go:494.32,496.3 1 0
github.com/mdemidenko/monitoring-platform/pkg/grpc/monitoring_grpc.pb.go:497.2,497.24 1 0
github.com/mdemidenko/monitoring-platform/pkg/grpc/monitoring_grpc.pb.go:497.24,499.3 1 0
github.com/mdemidenko/monitoring-platform/pkg/grpc/monitoring_grpc.pb.go:500.2,504.77 2 0
github.com/mdemidenko/monitoring-platform/pkg/grpc/monitoring_grpc.pb.go:504.77,506.3 1 0
github.com/mdemidenko/monitoring-platform/pkg/grpc/monitoring_grpc.pb.go:507.2,507.44 1 0
github.com/mdemidenko/monitoring-platform/pkg/grpc/monitoring_grpc.pb.go:510.175,512.32 2 0
github.com/mdemidenko/monitoring-platform/pkg/grpc/monitoring_grpc.pb.go:512.32,514.3 1 0
github.com/mdemidenko/monitoring-platform/pkg/grpc/monitoring_grpc.pb.go:515.2,515.24 1 0
github.com/mdemidenko/monitoring-platform/pkg/grpc/monitoring_grpc.pb.go:515.24,517.3 1 0
github.com/mdemidenko/monitoring-platform/pkg/grpc/monitoring_grpc.pb.go:518.2,522.77 2 0
github.com/mdemidenko/monitoring-platform/pkg/grpc/monitoring_grpc.pb.go:522.77,524.3 1 0
github.com/mdemidenko/monitoring-platform/pkg/grpc/monitoring_grpc.pb.go:525.2,525.44 1 0
github.com/mdemidenko/monitoring-platform/pkg/grpc/monitoring_grpc.pb.go:528.172,530.32 2 0
github.com/mdemidenko/monitoring-platform/pkg/grpc/monitoring_grpc.pb.go:530.32,532.3 1 0
github.com/mdemidenko/monitoring-platform/pkg/grpc/monitoring_grpc.pb.go:533.2,533.24 1 0
github.com/mdemidenko/monitoring-platform/pkg/grpc/monitoring_grpc.pb.go:533.24,535.3 1 0
github.com/mdemidenko/monitoring-platform/pkg/grpc/monitoring_grpc.pb.go:536.2,540.77 2 0
github.com/mdemidenko/monitoring-platform/pkg/grpc/monitoring_grpc.pb.go:540.77,542.3 1 0
github.com/mdemidenko/monitoring-platform/pkg/grpc/monitoring_grpc.pb.go:543.2,543.44 1 0
github.com/mdemidenko/monitoring-platform/pkg/grpc/monitoring_grpc.pb.go:546.174,548.32 2 0
github.com/mdemidenko/monitoring-platform/pkg/grpc/monitoring_grpc.pb.go:548.32,550.3 1 0
github.com/mdemidenko/monitoring-platform/pkg/grpc/monitoring_grpc.pb.go:551.2,551.24 1 0
github.com/mdemidenko/monitoring-platform/pkg/grpc/monitoring_grpc.pb.go:551.24,553.3 1 0
github.com/mdemidenko/monitoring-platform/pkg/grpc/monitoring_grpc.pb.go:554.2,558.77 2 0
github.com/mdemidenko/monitoring-platform/pkg/grpc/monitoring_grpc.pb.go:558.77,560.3 1 0
github.com/mdemidenko/monitoring-platform/pkg/grpc/monitoring_grpc.pb.go:561.2,561.44 1 0
github.com/mdemidenko/monitoring-platform/pkg/grpc/monitoring_grpc.pb.go:564.179,566.32 2 0
github.com/mdemidenko/monitoring-platform/pkg/grpc/monitoring_grpc.pb.go:566.32,568.3 1 0
github.com/mdemidenko/monitoring-platform/pkg/grpc/monitoring_grpc.pb.go:569.2,569.24 1 0
github.com/mdemidenko/monitoring-platform/pkg/grpc/monitoring_grpc.pb.go:569.24,571.3 1 0
github.com/mdemidenko/monitoring-platform/pkg/grpc/monitoring_grpc.pb.go:572.2,576.77 2 0
github.com/mdemidenko/monitoring-platform/pkg/grpc/monitoring_grpc.pb.go:576.77,578.3 1 0
github.com/mdemidenko/monitoring-platform/pkg/grpc/monitoring_grpc.pb.go:579.2,579.44 1 0
github.com/mdemidenko/monitoring-platform/pkg/grpc/monitoring_grpc.pb.go:582.172,584.32 2 0
github.com/mdemidenko/monitoring-platform/pkg/grpc/monitoring_grpc.pb.go:584.32,586.3 1 0
github.com/mdemidenko/monitoring-platform/pkg/grpc/monitoring_grpc.pb.go:587.2,587.24 1 0
github.com/mdemidenko/monitoring-platform/pkg/grpc/monitoring_grpc.pb.go:587.24,589.3 1 0
github.com/mdemidenko/monitoring-platform/pkg/grpc/monitoring_grpc.pb.go:590.2,594.77 2 0
github.com/mdemidenko/monitoring-platform/pkg/grpc/monitoring_grpc.pb.go:594.77,596.3 1 0
github.com/mdemidenko/monitoring-platform/pkg/grpc/monitoring_grpc.pb.go:597.2,597.44 1 0
